Traceback (most recent call last):
  File "C:\Users\Deepak bisht\AppData\Local\Programs\Python\Python310\lib\site-packages\starlette\middleware\errors.py", line 164, in __call__
    await self.app(scope, receive, _send)
  File "C:\Users\Deepak bisht\AppData\Local\Programs\Python\Python310\lib\site-packages\starlette\middleware\cors.py", line 93, in __call__
    await self.simple_response(scope, receive, send, request_headers=headers)
  File "C:\Users\Deepak bisht\AppData\Local\Programs\Python\Python310\lib\site-packages\starlette\middleware\cors.py", line 144, in simple_response
    await self.app(scope, receive, send)
  File "C:\Users\Deepak bisht\AppData\Local\Programs\Python\Python310\lib\site-packages\starlette\middleware\exceptions.py", line 63, in __call__
    await wrap_app_handling_exceptions(self.app, conn)(scope, receive, send)
  File "C:\Users\Deepak bisht\AppData\Local\Programs\Python\Python310\lib\site-packages\starlette\_exception_handler.py", line 53, in wrapped_app
    raise exc
  File "C:\Users\Deepak bisht\AppData\Local\Programs\Python\Python310\lib\site-packages\starlette\_exception_handler.py", line 42, in wrapped_app
    await app(scope, receive, sender)
  File "C:\Users\Deepak bisht\AppData\Local\Programs\Python\Python310\lib\site-packages\fastapi\middleware\asyncexitstack.py", line 18, in __call__
    await self.app(scope, receive, send)
  File "C:\Users\Deepak bisht\AppData\Local\Programs\Python\Python310\lib\site-packages\starlette\routing.py", line 716, in __call__
    await self.middleware_stack(scope, receive, send)
  File "C:\Users\Deepak bisht\AppData\Local\Programs\Python\Python310\lib\site-packages\starlette\routing.py", line 736, in app
    await route.handle(scope, receive, send)
  File "C:\Users\Deepak bisht\AppData\Local\Programs\Python\Python310\lib\site-packages\starlette\routing.py", line 290, in handle
    await self.app(scope, receive, send)
  File "C:\Users\Deepak bisht\AppData\Local\Programs\Python\Python310\lib\site-packages\fastapi\routing.py", line 120, in app
    await wrap_app_handling_exceptions(app, request)(scope, receive, send)
  File "C:\Users\Deepak bisht\AppData\Local\Programs\Python\Python310\lib\site-packages\starlette\_exception_handler.py", line 53, in wrapped_app
    raise exc
  File "C:\Users\Deepak bisht\AppData\Local\Programs\Python\Python310\lib\site-packages\starlette\_exception_handler.py", line 42, in wrapped_app
    await app(scope, receive, sender)
  File "C:\Users\Deepak bisht\AppData\Local\Programs\Python\Python310\lib\site-packages\fastapi\routing.py", line 106, in app
    response = await f(request)
  File "C:\Users\Deepak bisht\AppData\Local\Programs\Python\Python310\lib\site-packages\fastapi\routing.py", line 430, in app
    raw_response = await run_endpoint_function(
  File "C:\Users\Deepak bisht\AppData\Local\Programs\Python\Python310\lib\site-packages\fastapi\routing.py", line 318, in run_endpoint_function
    return await run_in_threadpool(dependant.call, **values)
  File "C:\Users\Deepak bisht\AppData\Local\Programs\Python\Python310\lib\site-packages\starlette\concurrency.py", line 32, in run_in_threadpool
    return await anyio.to_thread.run_sync(func)
  File "C:\Users\Deepak bisht\AppData\Local\Programs\Python\Python310\lib\site-packages\anyio\to_thread.py", line 61, in run_sync
    return await get_async_backend().run_sync_in_worker_thread(
  File "C:\Users\Deepak bisht\AppData\Local\Programs\Python\Python310\lib\site-packages\anyio\_backends\_asyncio.py", line 2525, in run_sync_in_worker_thread
    return await future
  File "C:\Users\Deepak bisht\AppData\Local\Programs\Python\Python310\lib\site-packages\anyio\_backends\_asyncio.py", line 986, in run
    result = context.run(func, *args)
  File "C:\Users\Deepak bisht\OneDrive - CACHE DIGITECH\Desktop\III\ITSM\backend\routers\tickets.py", line 163, in acknowledge_ticket
    "timestamp": datetime.utcnow().isoformat(),
NameError: name 'datetime' is not defined

--- 2026-01-07 12:37:55.653548 ---
Traceback (most recent call last):
  File "C:\Users\Deepak bisht\AppData\Local\Programs\Python\Python310\lib\site-packages\starlette\middleware\errors.py", line 164, in __call__
    await self.app(scope, receive, _send)
  File "C:\Users\Deepak bisht\AppData\Local\Programs\Python\Python310\lib\site-packages\starlette\middleware\cors.py", line 93, in __call__
    await self.simple_response(scope, receive, send, request_headers=headers)
  File "C:\Users\Deepak bisht\AppData\Local\Programs\Python\Python310\lib\site-packages\starlette\middleware\cors.py", line 144, in simple_response
    await self.app(scope, receive, send)
  File "C:\Users\Deepak bisht\AppData\Local\Programs\Python\Python310\lib\site-packages\starlette\middleware\exceptions.py", line 63, in __call__
    await wrap_app_handling_exceptions(self.app, conn)(scope, receive, send)
  File "C:\Users\Deepak bisht\AppData\Local\Programs\Python\Python310\lib\site-packages\starlette\_exception_handler.py", line 53, in wrapped_app
    raise exc
  File "C:\Users\Deepak bisht\AppData\Local\Programs\Python\Python310\lib\site-packages\starlette\_exception_handler.py", line 42, in wrapped_app
    await app(scope, receive, sender)
  File "C:\Users\Deepak bisht\AppData\Local\Programs\Python\Python310\lib\site-packages\fastapi\middleware\asyncexitstack.py", line 18, in __call__
    await self.app(scope, receive, send)
  File "C:\Users\Deepak bisht\AppData\Local\Programs\Python\Python310\lib\site-packages\starlette\routing.py", line 716, in __call__
    await self.middleware_stack(scope, receive, send)
  File "C:\Users\Deepak bisht\AppData\Local\Programs\Python\Python310\lib\site-packages\starlette\routing.py", line 736, in app
    await route.handle(scope, receive, send)
  File "C:\Users\Deepak bisht\AppData\Local\Programs\Python\Python310\lib\site-packages\starlette\routing.py", line 290, in handle
    await self.app(scope, receive, send)
  File "C:\Users\Deepak bisht\AppData\Local\Programs\Python\Python310\lib\site-packages\fastapi\routing.py", line 120, in app
    await wrap_app_handling_exceptions(app, request)(scope, receive, send)
  File "C:\Users\Deepak bisht\AppData\Local\Programs\Python\Python310\lib\site-packages\starlette\_exception_handler.py", line 53, in wrapped_app
    raise exc
  File "C:\Users\Deepak bisht\AppData\Local\Programs\Python\Python310\lib\site-packages\starlette\_exception_handler.py", line 42, in wrapped_app
    await app(scope, receive, sender)
  File "C:\Users\Deepak bisht\AppData\Local\Programs\Python\Python310\lib\site-packages\fastapi\routing.py", line 106, in app
    response = await f(request)
  File "C:\Users\Deepak bisht\AppData\Local\Programs\Python\Python310\lib\site-packages\fastapi\routing.py", line 430, in app
    raw_response = await run_endpoint_function(
  File "C:\Users\Deepak bisht\AppData\Local\Programs\Python\Python310\lib\site-packages\fastapi\routing.py", line 318, in run_endpoint_function
    return await run_in_threadpool(dependant.call, **values)
  File "C:\Users\Deepak bisht\AppData\Local\Programs\Python\Python310\lib\site-packages\starlette\concurrency.py", line 32, in run_in_threadpool
    return await anyio.to_thread.run_sync(func)
  File "C:\Users\Deepak bisht\AppData\Local\Programs\Python\Python310\lib\site-packages\anyio\to_thread.py", line 61, in run_sync
    return await get_async_backend().run_sync_in_worker_thread(
  File "C:\Users\Deepak bisht\AppData\Local\Programs\Python\Python310\lib\site-packages\anyio\_backends\_asyncio.py", line 2525, in run_sync_in_worker_thread
    return await future
  File "C:\Users\Deepak bisht\AppData\Local\Programs\Python\Python310\lib\site-packages\anyio\_backends\_asyncio.py", line 986, in run
    result = context.run(func, *args)
  File "C:\Users\Deepak bisht\OneDrive - CACHE DIGITECH\Desktop\III\ITSM\backend\routers\auth.py", line 58, in login
    user = user_service.authenticate_user(db, form_data.username, form_data.password)
  File "C:\Users\Deepak bisht\OneDrive - CACHE DIGITECH\Desktop\III\ITSM\backend\services\user_service.py", line 48, in authenticate_user
    if not verify_password(password, user.password_hash):
  File "C:\Users\Deepak bisht\OneDrive - CACHE DIGITECH\Desktop\III\ITSM\backend\services\user_service.py", line 15, in verify_password
    return pwd_context.verify(plain_password, hashed_password)
  File "C:\Users\Deepak bisht\AppData\Local\Programs\Python\Python310\lib\site-packages\passlib\context.py", line 2343, in verify
    record = self._get_or_identify_record(hash, scheme, category)
  File "C:\Users\Deepak bisht\AppData\Local\Programs\Python\Python310\lib\site-packages\passlib\context.py", line 2031, in _get_or_identify_record
    return self._identify_record(hash, category)
  File "C:\Users\Deepak bisht\AppData\Local\Programs\Python\Python310\lib\site-packages\passlib\context.py", line 1132, in identify_record
    raise exc.UnknownHashError("hash could not be identified")
passlib.exc.UnknownHashError: hash could not be identified

--- 2026-01-07 12:38:08.591941 ---
Traceback (most recent call last):
  File "C:\Users\Deepak bisht\AppData\Local\Programs\Python\Python310\lib\site-packages\starlette\middleware\errors.py", line 164, in __call__
    await self.app(scope, receive, _send)
  File "C:\Users\Deepak bisht\AppData\Local\Programs\Python\Python310\lib\site-packages\starlette\middleware\cors.py", line 93, in __call__
    await self.simple_response(scope, receive, send, request_headers=headers)
  File "C:\Users\Deepak bisht\AppData\Local\Programs\Python\Python310\lib\site-packages\starlette\middleware\cors.py", line 144, in simple_response
    await self.app(scope, receive, send)
  File "C:\Users\Deepak bisht\AppData\Local\Programs\Python\Python310\lib\site-packages\starlette\middleware\exceptions.py", line 63, in __call__
    await wrap_app_handling_exceptions(self.app, conn)(scope, receive, send)
  File "C:\Users\Deepak bisht\AppData\Local\Programs\Python\Python310\lib\site-packages\starlette\_exception_handler.py", line 53, in wrapped_app
    raise exc
  File "C:\Users\Deepak bisht\AppData\Local\Programs\Python\Python310\lib\site-packages\starlette\_exception_handler.py", line 42, in wrapped_app
    await app(scope, receive, sender)
  File "C:\Users\Deepak bisht\AppData\Local\Programs\Python\Python310\lib\site-packages\fastapi\middleware\asyncexitstack.py", line 18, in __call__
    await self.app(scope, receive, send)
  File "C:\Users\Deepak bisht\AppData\Local\Programs\Python\Python310\lib\site-packages\starlette\routing.py", line 716, in __call__
    await self.middleware_stack(scope, receive, send)
  File "C:\Users\Deepak bisht\AppData\Local\Programs\Python\Python310\lib\site-packages\starlette\routing.py", line 736, in app
    await route.handle(scope, receive, send)
  File "C:\Users\Deepak bisht\AppData\Local\Programs\Python\Python310\lib\site-packages\starlette\routing.py", line 290, in handle
    await self.app(scope, receive, send)
  File "C:\Users\Deepak bisht\AppData\Local\Programs\Python\Python310\lib\site-packages\fastapi\routing.py", line 120, in app
    await wrap_app_handling_exceptions(app, request)(scope, receive, send)
  File "C:\Users\Deepak bisht\AppData\Local\Programs\Python\Python310\lib\site-packages\starlette\_exception_handler.py", line 53, in wrapped_app
    raise exc
  File "C:\Users\Deepak bisht\AppData\Local\Programs\Python\Python310\lib\site-packages\starlette\_exception_handler.py", line 42, in wrapped_app
    await app(scope, receive, sender)
  File "C:\Users\Deepak bisht\AppData\Local\Programs\Python\Python310\lib\site-packages\fastapi\routing.py", line 106, in app
    response = await f(request)
  File "C:\Users\Deepak bisht\AppData\Local\Programs\Python\Python310\lib\site-packages\fastapi\routing.py", line 430, in app
    raw_response = await run_endpoint_function(
  File "C:\Users\Deepak bisht\AppData\Local\Programs\Python\Python310\lib\site-packages\fastapi\routing.py", line 318, in run_endpoint_function
    return await run_in_threadpool(dependant.call, **values)
  File "C:\Users\Deepak bisht\AppData\Local\Programs\Python\Python310\lib\site-packages\starlette\concurrency.py", line 32, in run_in_threadpool
    return await anyio.to_thread.run_sync(func)
  File "C:\Users\Deepak bisht\AppData\Local\Programs\Python\Python310\lib\site-packages\anyio\to_thread.py", line 61, in run_sync
    return await get_async_backend().run_sync_in_worker_thread(
  File "C:\Users\Deepak bisht\AppData\Local\Programs\Python\Python310\lib\site-packages\anyio\_backends\_asyncio.py", line 2525, in run_sync_in_worker_thread
    return await future
  File "C:\Users\Deepak bisht\AppData\Local\Programs\Python\Python310\lib\site-packages\anyio\_backends\_asyncio.py", line 986, in run
    result = context.run(func, *args)
  File "C:\Users\Deepak bisht\OneDrive - CACHE DIGITECH\Desktop\III\ITSM\backend\routers\auth.py", line 58, in login
    user = user_service.authenticate_user(db, form_data.username, form_data.password)
  File "C:\Users\Deepak bisht\OneDrive - CACHE DIGITECH\Desktop\III\ITSM\backend\services\user_service.py", line 48, in authenticate_user
    if not verify_password(password, user.password_hash):
  File "C:\Users\Deepak bisht\OneDrive - CACHE DIGITECH\Desktop\III\ITSM\backend\services\user_service.py", line 15, in verify_password
    return pwd_context.verify(plain_password, hashed_password)
  File "C:\Users\Deepak bisht\AppData\Local\Programs\Python\Python310\lib\site-packages\passlib\context.py", line 2343, in verify
    record = self._get_or_identify_record(hash, scheme, category)
  File "C:\Users\Deepak bisht\AppData\Local\Programs\Python\Python310\lib\site-packages\passlib\context.py", line 2031, in _get_or_identify_record
    return self._identify_record(hash, category)
  File "C:\Users\Deepak bisht\AppData\Local\Programs\Python\Python310\lib\site-packages\passlib\context.py", line 1132, in identify_record
    raise exc.UnknownHashError("hash could not be identified")
passlib.exc.UnknownHashError: hash could not be identified

--- 2026-01-07 13:00:09.582506 ---
Traceback (most recent call last):
  File "C:\Users\Deepak bisht\AppData\Local\Programs\Python\Python310\lib\site-packages\starlette\middleware\errors.py", line 164, in __call__
    await self.app(scope, receive, _send)
  File "C:\Users\Deepak bisht\AppData\Local\Programs\Python\Python310\lib\site-packages\starlette\middleware\cors.py", line 93, in __call__
    await self.simple_response(scope, receive, send, request_headers=headers)
  File "C:\Users\Deepak bisht\AppData\Local\Programs\Python\Python310\lib\site-packages\starlette\middleware\cors.py", line 144, in simple_response
    await self.app(scope, receive, send)
  File "C:\Users\Deepak bisht\AppData\Local\Programs\Python\Python310\lib\site-packages\starlette\middleware\exceptions.py", line 63, in __call__
    await wrap_app_handling_exceptions(self.app, conn)(scope, receive, send)
  File "C:\Users\Deepak bisht\AppData\Local\Programs\Python\Python310\lib\site-packages\starlette\_exception_handler.py", line 53, in wrapped_app
    raise exc
  File "C:\Users\Deepak bisht\AppData\Local\Programs\Python\Python310\lib\site-packages\starlette\_exception_handler.py", line 42, in wrapped_app
    await app(scope, receive, sender)
  File "C:\Users\Deepak bisht\AppData\Local\Programs\Python\Python310\lib\site-packages\fastapi\middleware\asyncexitstack.py", line 18, in __call__
    await self.app(scope, receive, send)
  File "C:\Users\Deepak bisht\AppData\Local\Programs\Python\Python310\lib\site-packages\starlette\routing.py", line 716, in __call__
    await self.middleware_stack(scope, receive, send)
  File "C:\Users\Deepak bisht\AppData\Local\Programs\Python\Python310\lib\site-packages\starlette\routing.py", line 736, in app
    await route.handle(scope, receive, send)
  File "C:\Users\Deepak bisht\AppData\Local\Programs\Python\Python310\lib\site-packages\starlette\routing.py", line 290, in handle
    await self.app(scope, receive, send)
  File "C:\Users\Deepak bisht\AppData\Local\Programs\Python\Python310\lib\site-packages\fastapi\routing.py", line 120, in app
    await wrap_app_handling_exceptions(app, request)(scope, receive, send)
  File "C:\Users\Deepak bisht\AppData\Local\Programs\Python\Python310\lib\site-packages\starlette\_exception_handler.py", line 53, in wrapped_app
    raise exc
  File "C:\Users\Deepak bisht\AppData\Local\Programs\Python\Python310\lib\site-packages\starlette\_exception_handler.py", line 42, in wrapped_app
    await app(scope, receive, sender)
  File "C:\Users\Deepak bisht\AppData\Local\Programs\Python\Python310\lib\site-packages\fastapi\routing.py", line 106, in app
    response = await f(request)
  File "C:\Users\Deepak bisht\AppData\Local\Programs\Python\Python310\lib\site-packages\fastapi\routing.py", line 430, in app
    raw_response = await run_endpoint_function(
  File "C:\Users\Deepak bisht\AppData\Local\Programs\Python\Python310\lib\site-packages\fastapi\routing.py", line 318, in run_endpoint_function
    return await run_in_threadpool(dependant.call, **values)
  File "C:\Users\Deepak bisht\AppData\Local\Programs\Python\Python310\lib\site-packages\starlette\concurrency.py", line 32, in run_in_threadpool
    return await anyio.to_thread.run_sync(func)
  File "C:\Users\Deepak bisht\AppData\Local\Programs\Python\Python310\lib\site-packages\anyio\to_thread.py", line 61, in run_sync
    return await get_async_backend().run_sync_in_worker_thread(
  File "C:\Users\Deepak bisht\AppData\Local\Programs\Python\Python310\lib\site-packages\anyio\_backends\_asyncio.py", line 2525, in run_sync_in_worker_thread
    return await future
  File "C:\Users\Deepak bisht\AppData\Local\Programs\Python\Python310\lib\site-packages\anyio\_backends\_asyncio.py", line 986, in run
    result = context.run(func, *args)
  File "C:\Users\Deepak bisht\OneDrive - CACHE DIGITECH\Desktop\III\ITSM\backend\routers\auth.py", line 58, in login
    user = user_service.authenticate_user(db, form_data.username, form_data.password)
  File "C:\Users\Deepak bisht\OneDrive - CACHE DIGITECH\Desktop\III\ITSM\backend\services\user_service.py", line 48, in authenticate_user
    if not verify_password(password, user.password_hash):
  File "C:\Users\Deepak bisht\OneDrive - CACHE DIGITECH\Desktop\III\ITSM\backend\services\user_service.py", line 15, in verify_password
    return pwd_context.verify(plain_password, hashed_password)
  File "C:\Users\Deepak bisht\AppData\Local\Programs\Python\Python310\lib\site-packages\passlib\context.py", line 2343, in verify
    record = self._get_or_identify_record(hash, scheme, category)
  File "C:\Users\Deepak bisht\AppData\Local\Programs\Python\Python310\lib\site-packages\passlib\context.py", line 2031, in _get_or_identify_record
    return self._identify_record(hash, category)
  File "C:\Users\Deepak bisht\AppData\Local\Programs\Python\Python310\lib\site-packages\passlib\context.py", line 1132, in identify_record
    raise exc.UnknownHashError("hash could not be identified")
passlib.exc.UnknownHashError: hash could not be identified

--- 2026-01-07 13:00:13.424082 ---
Traceback (most recent call last):
  File "C:\Users\Deepak bisht\AppData\Local\Programs\Python\Python310\lib\site-packages\starlette\middleware\errors.py", line 164, in __call__
    await self.app(scope, receive, _send)
  File "C:\Users\Deepak bisht\AppData\Local\Programs\Python\Python310\lib\site-packages\starlette\middleware\cors.py", line 93, in __call__
    await self.simple_response(scope, receive, send, request_headers=headers)
  File "C:\Users\Deepak bisht\AppData\Local\Programs\Python\Python310\lib\site-packages\starlette\middleware\cors.py", line 144, in simple_response
    await self.app(scope, receive, send)
  File "C:\Users\Deepak bisht\AppData\Local\Programs\Python\Python310\lib\site-packages\starlette\middleware\exceptions.py", line 63, in __call__
    await wrap_app_handling_exceptions(self.app, conn)(scope, receive, send)
  File "C:\Users\Deepak bisht\AppData\Local\Programs\Python\Python310\lib\site-packages\starlette\_exception_handler.py", line 53, in wrapped_app
    raise exc
  File "C:\Users\Deepak bisht\AppData\Local\Programs\Python\Python310\lib\site-packages\starlette\_exception_handler.py", line 42, in wrapped_app
    await app(scope, receive, sender)
  File "C:\Users\Deepak bisht\AppData\Local\Programs\Python\Python310\lib\site-packages\fastapi\middleware\asyncexitstack.py", line 18, in __call__
    await self.app(scope, receive, send)
  File "C:\Users\Deepak bisht\AppData\Local\Programs\Python\Python310\lib\site-packages\starlette\routing.py", line 716, in __call__
    await self.middleware_stack(scope, receive, send)
  File "C:\Users\Deepak bisht\AppData\Local\Programs\Python\Python310\lib\site-packages\starlette\routing.py", line 736, in app
    await route.handle(scope, receive, send)
  File "C:\Users\Deepak bisht\AppData\Local\Programs\Python\Python310\lib\site-packages\starlette\routing.py", line 290, in handle
    await self.app(scope, receive, send)
  File "C:\Users\Deepak bisht\AppData\Local\Programs\Python\Python310\lib\site-packages\fastapi\routing.py", line 120, in app
    await wrap_app_handling_exceptions(app, request)(scope, receive, send)
  File "C:\Users\Deepak bisht\AppData\Local\Programs\Python\Python310\lib\site-packages\starlette\_exception_handler.py", line 53, in wrapped_app
    raise exc
  File "C:\Users\Deepak bisht\AppData\Local\Programs\Python\Python310\lib\site-packages\starlette\_exception_handler.py", line 42, in wrapped_app
    await app(scope, receive, sender)
  File "C:\Users\Deepak bisht\AppData\Local\Programs\Python\Python310\lib\site-packages\fastapi\routing.py", line 106, in app
    response = await f(request)
  File "C:\Users\Deepak bisht\AppData\Local\Programs\Python\Python310\lib\site-packages\fastapi\routing.py", line 430, in app
    raw_response = await run_endpoint_function(
  File "C:\Users\Deepak bisht\AppData\Local\Programs\Python\Python310\lib\site-packages\fastapi\routing.py", line 318, in run_endpoint_function
    return await run_in_threadpool(dependant.call, **values)
  File "C:\Users\Deepak bisht\AppData\Local\Programs\Python\Python310\lib\site-packages\starlette\concurrency.py", line 32, in run_in_threadpool
    return await anyio.to_thread.run_sync(func)
  File "C:\Users\Deepak bisht\AppData\Local\Programs\Python\Python310\lib\site-packages\anyio\to_thread.py", line 61, in run_sync
    return await get_async_backend().run_sync_in_worker_thread(
  File "C:\Users\Deepak bisht\AppData\Local\Programs\Python\Python310\lib\site-packages\anyio\_backends\_asyncio.py", line 2525, in run_sync_in_worker_thread
    return await future
  File "C:\Users\Deepak bisht\AppData\Local\Programs\Python\Python310\lib\site-packages\anyio\_backends\_asyncio.py", line 986, in run
    result = context.run(func, *args)
  File "C:\Users\Deepak bisht\OneDrive - CACHE DIGITECH\Desktop\III\ITSM\backend\routers\auth.py", line 58, in login
    user = user_service.authenticate_user(db, form_data.username, form_data.password)
  File "C:\Users\Deepak bisht\OneDrive - CACHE DIGITECH\Desktop\III\ITSM\backend\services\user_service.py", line 48, in authenticate_user
    if not verify_password(password, user.password_hash):
  File "C:\Users\Deepak bisht\OneDrive - CACHE DIGITECH\Desktop\III\ITSM\backend\services\user_service.py", line 15, in verify_password
    return pwd_context.verify(plain_password, hashed_password)
  File "C:\Users\Deepak bisht\AppData\Local\Programs\Python\Python310\lib\site-packages\passlib\context.py", line 2343, in verify
    record = self._get_or_identify_record(hash, scheme, category)
  File "C:\Users\Deepak bisht\AppData\Local\Programs\Python\Python310\lib\site-packages\passlib\context.py", line 2031, in _get_or_identify_record
    return self._identify_record(hash, category)
  File "C:\Users\Deepak bisht\AppData\Local\Programs\Python\Python310\lib\site-packages\passlib\context.py", line 1132, in identify_record
    raise exc.UnknownHashError("hash could not be identified")
passlib.exc.UnknownHashError: hash could not be identified

--- 2026-01-07 13:00:14.841896 ---
Traceback (most recent call last):
  File "C:\Users\Deepak bisht\AppData\Local\Programs\Python\Python310\lib\site-packages\starlette\middleware\errors.py", line 164, in __call__
    await self.app(scope, receive, _send)
  File "C:\Users\Deepak bisht\AppData\Local\Programs\Python\Python310\lib\site-packages\starlette\middleware\cors.py", line 93, in __call__
    await self.simple_response(scope, receive, send, request_headers=headers)
  File "C:\Users\Deepak bisht\AppData\Local\Programs\Python\Python310\lib\site-packages\starlette\middleware\cors.py", line 144, in simple_response
    await self.app(scope, receive, send)
  File "C:\Users\Deepak bisht\AppData\Local\Programs\Python\Python310\lib\site-packages\starlette\middleware\exceptions.py", line 63, in __call__
    await wrap_app_handling_exceptions(self.app, conn)(scope, receive, send)
  File "C:\Users\Deepak bisht\AppData\Local\Programs\Python\Python310\lib\site-packages\starlette\_exception_handler.py", line 53, in wrapped_app
    raise exc
  File "C:\Users\Deepak bisht\AppData\Local\Programs\Python\Python310\lib\site-packages\starlette\_exception_handler.py", line 42, in wrapped_app
    await app(scope, receive, sender)
  File "C:\Users\Deepak bisht\AppData\Local\Programs\Python\Python310\lib\site-packages\fastapi\middleware\asyncexitstack.py", line 18, in __call__
    await self.app(scope, receive, send)
  File "C:\Users\Deepak bisht\AppData\Local\Programs\Python\Python310\lib\site-packages\starlette\routing.py", line 716, in __call__
    await self.middleware_stack(scope, receive, send)
  File "C:\Users\Deepak bisht\AppData\Local\Programs\Python\Python310\lib\site-packages\starlette\routing.py", line 736, in app
    await route.handle(scope, receive, send)
  File "C:\Users\Deepak bisht\AppData\Local\Programs\Python\Python310\lib\site-packages\starlette\routing.py", line 290, in handle
    await self.app(scope, receive, send)
  File "C:\Users\Deepak bisht\AppData\Local\Programs\Python\Python310\lib\site-packages\fastapi\routing.py", line 120, in app
    await wrap_app_handling_exceptions(app, request)(scope, receive, send)
  File "C:\Users\Deepak bisht\AppData\Local\Programs\Python\Python310\lib\site-packages\starlette\_exception_handler.py", line 53, in wrapped_app
    raise exc
  File "C:\Users\Deepak bisht\AppData\Local\Programs\Python\Python310\lib\site-packages\starlette\_exception_handler.py", line 42, in wrapped_app
    await app(scope, receive, sender)
  File "C:\Users\Deepak bisht\AppData\Local\Programs\Python\Python310\lib\site-packages\fastapi\routing.py", line 106, in app
    response = await f(request)
  File "C:\Users\Deepak bisht\AppData\Local\Programs\Python\Python310\lib\site-packages\fastapi\routing.py", line 430, in app
    raw_response = await run_endpoint_function(
  File "C:\Users\Deepak bisht\AppData\Local\Programs\Python\Python310\lib\site-packages\fastapi\routing.py", line 318, in run_endpoint_function
    return await run_in_threadpool(dependant.call, **values)
  File "C:\Users\Deepak bisht\AppData\Local\Programs\Python\Python310\lib\site-packages\starlette\concurrency.py", line 32, in run_in_threadpool
    return await anyio.to_thread.run_sync(func)
  File "C:\Users\Deepak bisht\AppData\Local\Programs\Python\Python310\lib\site-packages\anyio\to_thread.py", line 61, in run_sync
    return await get_async_backend().run_sync_in_worker_thread(
  File "C:\Users\Deepak bisht\AppData\Local\Programs\Python\Python310\lib\site-packages\anyio\_backends\_asyncio.py", line 2525, in run_sync_in_worker_thread
    return await future
  File "C:\Users\Deepak bisht\AppData\Local\Programs\Python\Python310\lib\site-packages\anyio\_backends\_asyncio.py", line 986, in run
    result = context.run(func, *args)
  File "C:\Users\Deepak bisht\OneDrive - CACHE DIGITECH\Desktop\III\ITSM\backend\routers\auth.py", line 58, in login
    user = user_service.authenticate_user(db, form_data.username, form_data.password)
  File "C:\Users\Deepak bisht\OneDrive - CACHE DIGITECH\Desktop\III\ITSM\backend\services\user_service.py", line 48, in authenticate_user
    if not verify_password(password, user.password_hash):
  File "C:\Users\Deepak bisht\OneDrive - CACHE DIGITECH\Desktop\III\ITSM\backend\services\user_service.py", line 15, in verify_password
    return pwd_context.verify(plain_password, hashed_password)
  File "C:\Users\Deepak bisht\AppData\Local\Programs\Python\Python310\lib\site-packages\passlib\context.py", line 2343, in verify
    record = self._get_or_identify_record(hash, scheme, category)
  File "C:\Users\Deepak bisht\AppData\Local\Programs\Python\Python310\lib\site-packages\passlib\context.py", line 2031, in _get_or_identify_record
    return self._identify_record(hash, category)
  File "C:\Users\Deepak bisht\AppData\Local\Programs\Python\Python310\lib\site-packages\passlib\context.py", line 1132, in identify_record
    raise exc.UnknownHashError("hash could not be identified")
passlib.exc.UnknownHashError: hash could not be identified

--- 2026-01-07 13:02:50.230623 ---
Traceback (most recent call last):
  File "C:\Users\Deepak bisht\AppData\Local\Programs\Python\Python310\lib\site-packages\starlette\middleware\errors.py", line 164, in __call__
    await self.app(scope, receive, _send)
  File "C:\Users\Deepak bisht\AppData\Local\Programs\Python\Python310\lib\site-packages\starlette\middleware\cors.py", line 93, in __call__
    await self.simple_response(scope, receive, send, request_headers=headers)
  File "C:\Users\Deepak bisht\AppData\Local\Programs\Python\Python310\lib\site-packages\starlette\middleware\cors.py", line 144, in simple_response
    await self.app(scope, receive, send)
  File "C:\Users\Deepak bisht\AppData\Local\Programs\Python\Python310\lib\site-packages\starlette\middleware\exceptions.py", line 63, in __call__
    await wrap_app_handling_exceptions(self.app, conn)(scope, receive, send)
  File "C:\Users\Deepak bisht\AppData\Local\Programs\Python\Python310\lib\site-packages\starlette\_exception_handler.py", line 53, in wrapped_app
    raise exc
  File "C:\Users\Deepak bisht\AppData\Local\Programs\Python\Python310\lib\site-packages\starlette\_exception_handler.py", line 42, in wrapped_app
    await app(scope, receive, sender)
  File "C:\Users\Deepak bisht\AppData\Local\Programs\Python\Python310\lib\site-packages\fastapi\middleware\asyncexitstack.py", line 18, in __call__
    await self.app(scope, receive, send)
  File "C:\Users\Deepak bisht\AppData\Local\Programs\Python\Python310\lib\site-packages\starlette\routing.py", line 716, in __call__
    await self.middleware_stack(scope, receive, send)
  File "C:\Users\Deepak bisht\AppData\Local\Programs\Python\Python310\lib\site-packages\starlette\routing.py", line 736, in app
    await route.handle(scope, receive, send)
  File "C:\Users\Deepak bisht\AppData\Local\Programs\Python\Python310\lib\site-packages\starlette\routing.py", line 290, in handle
    await self.app(scope, receive, send)
  File "C:\Users\Deepak bisht\AppData\Local\Programs\Python\Python310\lib\site-packages\fastapi\routing.py", line 120, in app
    await wrap_app_handling_exceptions(app, request)(scope, receive, send)
  File "C:\Users\Deepak bisht\AppData\Local\Programs\Python\Python310\lib\site-packages\starlette\_exception_handler.py", line 53, in wrapped_app
    raise exc
  File "C:\Users\Deepak bisht\AppData\Local\Programs\Python\Python310\lib\site-packages\starlette\_exception_handler.py", line 42, in wrapped_app
    await app(scope, receive, sender)
  File "C:\Users\Deepak bisht\AppData\Local\Programs\Python\Python310\lib\site-packages\fastapi\routing.py", line 106, in app
    response = await f(request)
  File "C:\Users\Deepak bisht\AppData\Local\Programs\Python\Python310\lib\site-packages\fastapi\routing.py", line 430, in app
    raw_response = await run_endpoint_function(
  File "C:\Users\Deepak bisht\AppData\Local\Programs\Python\Python310\lib\site-packages\fastapi\routing.py", line 318, in run_endpoint_function
    return await run_in_threadpool(dependant.call, **values)
  File "C:\Users\Deepak bisht\AppData\Local\Programs\Python\Python310\lib\site-packages\starlette\concurrency.py", line 32, in run_in_threadpool
    return await anyio.to_thread.run_sync(func)
  File "C:\Users\Deepak bisht\AppData\Local\Programs\Python\Python310\lib\site-packages\anyio\to_thread.py", line 61, in run_sync
    return await get_async_backend().run_sync_in_worker_thread(
  File "C:\Users\Deepak bisht\AppData\Local\Programs\Python\Python310\lib\site-packages\anyio\_backends\_asyncio.py", line 2525, in run_sync_in_worker_thread
    return await future
  File "C:\Users\Deepak bisht\AppData\Local\Programs\Python\Python310\lib\site-packages\anyio\_backends\_asyncio.py", line 986, in run
    result = context.run(func, *args)
  File "C:\Users\Deepak bisht\OneDrive - CACHE DIGITECH\Desktop\III\ITSM\backend\routers\auth.py", line 59, in login
    user = user_service.authenticate_user(db, form_data.username, form_data.password)
  File "C:\Users\Deepak bisht\OneDrive - CACHE DIGITECH\Desktop\III\ITSM\backend\services\user_service.py", line 48, in authenticate_user
    if not verify_password(password, user.password_hash):
  File "C:\Users\Deepak bisht\OneDrive - CACHE DIGITECH\Desktop\III\ITSM\backend\services\user_service.py", line 15, in verify_password
    return pwd_context.verify(plain_password, hashed_password)
  File "C:\Users\Deepak bisht\AppData\Local\Programs\Python\Python310\lib\site-packages\passlib\context.py", line 2343, in verify
    record = self._get_or_identify_record(hash, scheme, category)
  File "C:\Users\Deepak bisht\AppData\Local\Programs\Python\Python310\lib\site-packages\passlib\context.py", line 2031, in _get_or_identify_record
    return self._identify_record(hash, category)
  File "C:\Users\Deepak bisht\AppData\Local\Programs\Python\Python310\lib\site-packages\passlib\context.py", line 1132, in identify_record
    raise exc.UnknownHashError("hash could not be identified")
passlib.exc.UnknownHashError: hash could not be identified

--- 2026-01-07 13:04:59.439261 ---
Traceback (most recent call last):
  File "C:\Users\Deepak bisht\AppData\Local\Programs\Python\Python310\lib\site-packages\starlette\middleware\errors.py", line 164, in __call__
    await self.app(scope, receive, _send)
  File "C:\Users\Deepak bisht\AppData\Local\Programs\Python\Python310\lib\site-packages\starlette\middleware\cors.py", line 93, in __call__
    await self.simple_response(scope, receive, send, request_headers=headers)
  File "C:\Users\Deepak bisht\AppData\Local\Programs\Python\Python310\lib\site-packages\starlette\middleware\cors.py", line 144, in simple_response
    await self.app(scope, receive, send)
  File "C:\Users\Deepak bisht\AppData\Local\Programs\Python\Python310\lib\site-packages\starlette\middleware\exceptions.py", line 63, in __call__
    await wrap_app_handling_exceptions(self.app, conn)(scope, receive, send)
  File "C:\Users\Deepak bisht\AppData\Local\Programs\Python\Python310\lib\site-packages\starlette\_exception_handler.py", line 53, in wrapped_app
    raise exc
  File "C:\Users\Deepak bisht\AppData\Local\Programs\Python\Python310\lib\site-packages\starlette\_exception_handler.py", line 42, in wrapped_app
    await app(scope, receive, sender)
  File "C:\Users\Deepak bisht\AppData\Local\Programs\Python\Python310\lib\site-packages\fastapi\middleware\asyncexitstack.py", line 18, in __call__
    await self.app(scope, receive, send)
  File "C:\Users\Deepak bisht\AppData\Local\Programs\Python\Python310\lib\site-packages\starlette\routing.py", line 716, in __call__
    await self.middleware_stack(scope, receive, send)
  File "C:\Users\Deepak bisht\AppData\Local\Programs\Python\Python310\lib\site-packages\starlette\routing.py", line 736, in app
    await route.handle(scope, receive, send)
  File "C:\Users\Deepak bisht\AppData\Local\Programs\Python\Python310\lib\site-packages\starlette\routing.py", line 290, in handle
    await self.app(scope, receive, send)
  File "C:\Users\Deepak bisht\AppData\Local\Programs\Python\Python310\lib\site-packages\fastapi\routing.py", line 120, in app
    await wrap_app_handling_exceptions(app, request)(scope, receive, send)
  File "C:\Users\Deepak bisht\AppData\Local\Programs\Python\Python310\lib\site-packages\starlette\_exception_handler.py", line 53, in wrapped_app
    raise exc
  File "C:\Users\Deepak bisht\AppData\Local\Programs\Python\Python310\lib\site-packages\starlette\_exception_handler.py", line 42, in wrapped_app
    await app(scope, receive, sender)
  File "C:\Users\Deepak bisht\AppData\Local\Programs\Python\Python310\lib\site-packages\fastapi\routing.py", line 106, in app
    response = await f(request)
  File "C:\Users\Deepak bisht\AppData\Local\Programs\Python\Python310\lib\site-packages\fastapi\routing.py", line 430, in app
    raw_response = await run_endpoint_function(
  File "C:\Users\Deepak bisht\AppData\Local\Programs\Python\Python310\lib\site-packages\fastapi\routing.py", line 318, in run_endpoint_function
    return await run_in_threadpool(dependant.call, **values)
  File "C:\Users\Deepak bisht\AppData\Local\Programs\Python\Python310\lib\site-packages\starlette\concurrency.py", line 32, in run_in_threadpool
    return await anyio.to_thread.run_sync(func)
  File "C:\Users\Deepak bisht\AppData\Local\Programs\Python\Python310\lib\site-packages\anyio\to_thread.py", line 61, in run_sync
    return await get_async_backend().run_sync_in_worker_thread(
  File "C:\Users\Deepak bisht\AppData\Local\Programs\Python\Python310\lib\site-packages\anyio\_backends\_asyncio.py", line 2525, in run_sync_in_worker_thread
    return await future
  File "C:\Users\Deepak bisht\AppData\Local\Programs\Python\Python310\lib\site-packages\anyio\_backends\_asyncio.py", line 986, in run
    result = context.run(func, *args)
  File "C:\Users\Deepak bisht\OneDrive - CACHE DIGITECH\Desktop\III\ITSM\backend\routers\auth.py", line 59, in login
    user = user_service.authenticate_user(db, form_data.username, form_data.password)
  File "C:\Users\Deepak bisht\OneDrive - CACHE DIGITECH\Desktop\III\ITSM\backend\services\user_service.py", line 48, in authenticate_user
    if not verify_password(password, user.password_hash):
  File "C:\Users\Deepak bisht\OneDrive - CACHE DIGITECH\Desktop\III\ITSM\backend\services\user_service.py", line 15, in verify_password
    return pwd_context.verify(plain_password, hashed_password)
  File "C:\Users\Deepak bisht\AppData\Local\Programs\Python\Python310\lib\site-packages\passlib\context.py", line 2343, in verify
    record = self._get_or_identify_record(hash, scheme, category)
  File "C:\Users\Deepak bisht\AppData\Local\Programs\Python\Python310\lib\site-packages\passlib\context.py", line 2031, in _get_or_identify_record
    return self._identify_record(hash, category)
  File "C:\Users\Deepak bisht\AppData\Local\Programs\Python\Python310\lib\site-packages\passlib\context.py", line 1132, in identify_record
    raise exc.UnknownHashError("hash could not be identified")
passlib.exc.UnknownHashError: hash could not be identified

--- 2026-01-07 13:18:54.732353 ---
Traceback (most recent call last):
  File "C:\Users\Deepak bisht\AppData\Local\Programs\Python\Python310\lib\site-packages\starlette\middleware\errors.py", line 164, in __call__
    await self.app(scope, receive, _send)
  File "C:\Users\Deepak bisht\AppData\Local\Programs\Python\Python310\lib\site-packages\starlette\middleware\cors.py", line 93, in __call__
    await self.simple_response(scope, receive, send, request_headers=headers)
  File "C:\Users\Deepak bisht\AppData\Local\Programs\Python\Python310\lib\site-packages\starlette\middleware\cors.py", line 144, in simple_response
    await self.app(scope, receive, send)
  File "C:\Users\Deepak bisht\AppData\Local\Programs\Python\Python310\lib\site-packages\starlette\middleware\exceptions.py", line 63, in __call__
    await wrap_app_handling_exceptions(self.app, conn)(scope, receive, send)
  File "C:\Users\Deepak bisht\AppData\Local\Programs\Python\Python310\lib\site-packages\starlette\_exception_handler.py", line 53, in wrapped_app
    raise exc
  File "C:\Users\Deepak bisht\AppData\Local\Programs\Python\Python310\lib\site-packages\starlette\_exception_handler.py", line 42, in wrapped_app
    await app(scope, receive, sender)
  File "C:\Users\Deepak bisht\AppData\Local\Programs\Python\Python310\lib\site-packages\fastapi\middleware\asyncexitstack.py", line 18, in __call__
    await self.app(scope, receive, send)
  File "C:\Users\Deepak bisht\AppData\Local\Programs\Python\Python310\lib\site-packages\starlette\routing.py", line 716, in __call__
    await self.middleware_stack(scope, receive, send)
  File "C:\Users\Deepak bisht\AppData\Local\Programs\Python\Python310\lib\site-packages\starlette\routing.py", line 736, in app
    await route.handle(scope, receive, send)
  File "C:\Users\Deepak bisht\AppData\Local\Programs\Python\Python310\lib\site-packages\starlette\routing.py", line 290, in handle
    await self.app(scope, receive, send)
  File "C:\Users\Deepak bisht\AppData\Local\Programs\Python\Python310\lib\site-packages\fastapi\routing.py", line 120, in app
    await wrap_app_handling_exceptions(app, request)(scope, receive, send)
  File "C:\Users\Deepak bisht\AppData\Local\Programs\Python\Python310\lib\site-packages\starlette\_exception_handler.py", line 53, in wrapped_app
    raise exc
  File "C:\Users\Deepak bisht\AppData\Local\Programs\Python\Python310\lib\site-packages\starlette\_exception_handler.py", line 42, in wrapped_app
    await app(scope, receive, sender)
  File "C:\Users\Deepak bisht\AppData\Local\Programs\Python\Python310\lib\site-packages\fastapi\routing.py", line 106, in app
    response = await f(request)
  File "C:\Users\Deepak bisht\AppData\Local\Programs\Python\Python310\lib\site-packages\fastapi\routing.py", line 430, in app
    raw_response = await run_endpoint_function(
  File "C:\Users\Deepak bisht\AppData\Local\Programs\Python\Python310\lib\site-packages\fastapi\routing.py", line 318, in run_endpoint_function
    return await run_in_threadpool(dependant.call, **values)
  File "C:\Users\Deepak bisht\AppData\Local\Programs\Python\Python310\lib\site-packages\starlette\concurrency.py", line 32, in run_in_threadpool
    return await anyio.to_thread.run_sync(func)
  File "C:\Users\Deepak bisht\AppData\Local\Programs\Python\Python310\lib\site-packages\anyio\to_thread.py", line 61, in run_sync
    return await get_async_backend().run_sync_in_worker_thread(
  File "C:\Users\Deepak bisht\AppData\Local\Programs\Python\Python310\lib\site-packages\anyio\_backends\_asyncio.py", line 2525, in run_sync_in_worker_thread
    return await future
  File "C:\Users\Deepak bisht\AppData\Local\Programs\Python\Python310\lib\site-packages\anyio\_backends\_asyncio.py", line 986, in run
    result = context.run(func, *args)
  File "C:\Users\Deepak bisht\OneDrive - CACHE DIGITECH\Desktop\III\ITSM\backend\routers\auth.py", line 75, in login
    access_token = auth_utils.create_access_token(
  File "C:\Users\Deepak bisht\OneDrive - CACHE DIGITECH\Desktop\III\ITSM\backend\utils\auth_utils.py", line 18, in create_access_token
    encoded_jwt = jwt.encode(to_encode, SECRET_KEY, algorithm=ALGORITHM)
  File "C:\Users\Deepak bisht\AppData\Local\Programs\Python\Python310\lib\site-packages\jose\jwt.py", line 63, in encode
    return jws.sign(claims, key, headers=headers, algorithm=algorithm)
  File "C:\Users\Deepak bisht\AppData\Local\Programs\Python\Python310\lib\site-packages\jose\jws.py", line 46, in sign
    encoded_payload = _encode_payload(payload)
  File "C:\Users\Deepak bisht\AppData\Local\Programs\Python\Python310\lib\site-packages\jose\jws.py", line 150, in _encode_payload
    payload = json.dumps(
  File "C:\Users\Deepak bisht\AppData\Local\Programs\Python\Python310\lib\json\__init__.py", line 238, in dumps
    **kw).encode(obj)
  File "C:\Users\Deepak bisht\AppData\Local\Programs\Python\Python310\lib\json\encoder.py", line 199, in encode
    chunks = self.iterencode(o, _one_shot=True)
  File "C:\Users\Deepak bisht\AppData\Local\Programs\Python\Python310\lib\json\encoder.py", line 257, in iterencode
    return _iterencode(o, 0)
  File "C:\Users\Deepak bisht\AppData\Local\Programs\Python\Python310\lib\json\encoder.py", line 179, in default
    raise TypeError(f'Object of type {o.__class__.__name__} '
TypeError: Object of type UUID is not JSON serializable

--- 2026-01-07 13:21:05.714920 ---
Traceback (most recent call last):
  File "C:\Users\Deepak bisht\AppData\Local\Programs\Python\Python310\lib\site-packages\starlette\middleware\errors.py", line 164, in __call__
    await self.app(scope, receive, _send)
  File "C:\Users\Deepak bisht\AppData\Local\Programs\Python\Python310\lib\site-packages\starlette\middleware\cors.py", line 93, in __call__
    await self.simple_response(scope, receive, send, request_headers=headers)
  File "C:\Users\Deepak bisht\AppData\Local\Programs\Python\Python310\lib\site-packages\starlette\middleware\cors.py", line 144, in simple_response
    await self.app(scope, receive, send)
  File "C:\Users\Deepak bisht\AppData\Local\Programs\Python\Python310\lib\site-packages\starlette\middleware\exceptions.py", line 63, in __call__
    await wrap_app_handling_exceptions(self.app, conn)(scope, receive, send)
  File "C:\Users\Deepak bisht\AppData\Local\Programs\Python\Python310\lib\site-packages\starlette\_exception_handler.py", line 53, in wrapped_app
    raise exc
  File "C:\Users\Deepak bisht\AppData\Local\Programs\Python\Python310\lib\site-packages\starlette\_exception_handler.py", line 42, in wrapped_app
    await app(scope, receive, sender)
  File "C:\Users\Deepak bisht\AppData\Local\Programs\Python\Python310\lib\site-packages\fastapi\middleware\asyncexitstack.py", line 18, in __call__
    await self.app(scope, receive, send)
  File "C:\Users\Deepak bisht\AppData\Local\Programs\Python\Python310\lib\site-packages\starlette\routing.py", line 716, in __call__
    await self.middleware_stack(scope, receive, send)
  File "C:\Users\Deepak bisht\AppData\Local\Programs\Python\Python310\lib\site-packages\starlette\routing.py", line 736, in app
    await route.handle(scope, receive, send)
  File "C:\Users\Deepak bisht\AppData\Local\Programs\Python\Python310\lib\site-packages\starlette\routing.py", line 290, in handle
    await self.app(scope, receive, send)
  File "C:\Users\Deepak bisht\AppData\Local\Programs\Python\Python310\lib\site-packages\fastapi\routing.py", line 120, in app
    await wrap_app_handling_exceptions(app, request)(scope, receive, send)
  File "C:\Users\Deepak bisht\AppData\Local\Programs\Python\Python310\lib\site-packages\starlette\_exception_handler.py", line 53, in wrapped_app
    raise exc
  File "C:\Users\Deepak bisht\AppData\Local\Programs\Python\Python310\lib\site-packages\starlette\_exception_handler.py", line 42, in wrapped_app
    await app(scope, receive, sender)
  File "C:\Users\Deepak bisht\AppData\Local\Programs\Python\Python310\lib\site-packages\fastapi\routing.py", line 106, in app
    response = await f(request)
  File "C:\Users\Deepak bisht\AppData\Local\Programs\Python\Python310\lib\site-packages\fastapi\routing.py", line 430, in app
    raw_response = await run_endpoint_function(
  File "C:\Users\Deepak bisht\AppData\Local\Programs\Python\Python310\lib\site-packages\fastapi\routing.py", line 318, in run_endpoint_function
    return await run_in_threadpool(dependant.call, **values)
  File "C:\Users\Deepak bisht\AppData\Local\Programs\Python\Python310\lib\site-packages\starlette\concurrency.py", line 32, in run_in_threadpool
    return await anyio.to_thread.run_sync(func)
  File "C:\Users\Deepak bisht\AppData\Local\Programs\Python\Python310\lib\site-packages\anyio\to_thread.py", line 61, in run_sync
    return await get_async_backend().run_sync_in_worker_thread(
  File "C:\Users\Deepak bisht\AppData\Local\Programs\Python\Python310\lib\site-packages\anyio\_backends\_asyncio.py", line 2525, in run_sync_in_worker_thread
    return await future
  File "C:\Users\Deepak bisht\AppData\Local\Programs\Python\Python310\lib\site-packages\anyio\_backends\_asyncio.py", line 986, in run
    result = context.run(func, *args)
  File "C:\Users\Deepak bisht\OneDrive - CACHE DIGITECH\Desktop\III\ITSM\backend\routers\auth.py", line 75, in login
    access_token = auth_utils.create_access_token(
  File "C:\Users\Deepak bisht\OneDrive - CACHE DIGITECH\Desktop\III\ITSM\backend\utils\auth_utils.py", line 18, in create_access_token
    encoded_jwt = jwt.encode(to_encode, SECRET_KEY, algorithm=ALGORITHM)
  File "C:\Users\Deepak bisht\AppData\Local\Programs\Python\Python310\lib\site-packages\jose\jwt.py", line 63, in encode
    return jws.sign(claims, key, headers=headers, algorithm=algorithm)
  File "C:\Users\Deepak bisht\AppData\Local\Programs\Python\Python310\lib\site-packages\jose\jws.py", line 46, in sign
    encoded_payload = _encode_payload(payload)
  File "C:\Users\Deepak bisht\AppData\Local\Programs\Python\Python310\lib\site-packages\jose\jws.py", line 150, in _encode_payload
    payload = json.dumps(
  File "C:\Users\Deepak bisht\AppData\Local\Programs\Python\Python310\lib\json\__init__.py", line 238, in dumps
    **kw).encode(obj)
  File "C:\Users\Deepak bisht\AppData\Local\Programs\Python\Python310\lib\json\encoder.py", line 199, in encode
    chunks = self.iterencode(o, _one_shot=True)
  File "C:\Users\Deepak bisht\AppData\Local\Programs\Python\Python310\lib\json\encoder.py", line 257, in iterencode
    return _iterencode(o, 0)
  File "C:\Users\Deepak bisht\AppData\Local\Programs\Python\Python310\lib\json\encoder.py", line 179, in default
    raise TypeError(f'Object of type {o.__class__.__name__} '
TypeError: Object of type UUID is not JSON serializable

--- 2026-01-07 13:23:27.622995 ---
Traceback (most recent call last):
  File "C:\Users\Deepak bisht\AppData\Local\Programs\Python\Python310\lib\site-packages\sqlalchemy\engine\base.py", line 1967, in _exec_single_context
    self.dialect.do_execute(
  File "C:\Users\Deepak bisht\AppData\Local\Programs\Python\Python310\lib\site-packages\sqlalchemy\engine\default.py", line 952, in do_execute
    cursor.execute(statement, parameters)
psycopg2.errors.UndefinedColumn: column exit_requests.assets_snapshot does not exist
LINE 1: ...xit_requests.status AS exit_exit_requests_status, exit.exit_...
                                                             ^


The above exception was the direct cause of the following exception:

Traceback (most recent call last):
  File "C:\Users\Deepak bisht\AppData\Local\Programs\Python\Python310\lib\site-packages\starlette\middleware\errors.py", line 164, in __call__
    await self.app(scope, receive, _send)
  File "C:\Users\Deepak bisht\AppData\Local\Programs\Python\Python310\lib\site-packages\starlette\middleware\cors.py", line 93, in __call__
    await self.simple_response(scope, receive, send, request_headers=headers)
  File "C:\Users\Deepak bisht\AppData\Local\Programs\Python\Python310\lib\site-packages\starlette\middleware\cors.py", line 144, in simple_response
    await self.app(scope, receive, send)
  File "C:\Users\Deepak bisht\AppData\Local\Programs\Python\Python310\lib\site-packages\starlette\middleware\exceptions.py", line 63, in __call__
    await wrap_app_handling_exceptions(self.app, conn)(scope, receive, send)
  File "C:\Users\Deepak bisht\AppData\Local\Programs\Python\Python310\lib\site-packages\starlette\_exception_handler.py", line 53, in wrapped_app
    raise exc
  File "C:\Users\Deepak bisht\AppData\Local\Programs\Python\Python310\lib\site-packages\starlette\_exception_handler.py", line 42, in wrapped_app
    await app(scope, receive, sender)
  File "C:\Users\Deepak bisht\AppData\Local\Programs\Python\Python310\lib\site-packages\fastapi\middleware\asyncexitstack.py", line 18, in __call__
    await self.app(scope, receive, send)
  File "C:\Users\Deepak bisht\AppData\Local\Programs\Python\Python310\lib\site-packages\starlette\routing.py", line 716, in __call__
    await self.middleware_stack(scope, receive, send)
  File "C:\Users\Deepak bisht\AppData\Local\Programs\Python\Python310\lib\site-packages\starlette\routing.py", line 736, in app
    await route.handle(scope, receive, send)
  File "C:\Users\Deepak bisht\AppData\Local\Programs\Python\Python310\lib\site-packages\starlette\routing.py", line 290, in handle
    await self.app(scope, receive, send)
  File "C:\Users\Deepak bisht\AppData\Local\Programs\Python\Python310\lib\site-packages\fastapi\routing.py", line 120, in app
    await wrap_app_handling_exceptions(app, request)(scope, receive, send)
  File "C:\Users\Deepak bisht\AppData\Local\Programs\Python\Python310\lib\site-packages\starlette\_exception_handler.py", line 53, in wrapped_app
    raise exc
  File "C:\Users\Deepak bisht\AppData\Local\Programs\Python\Python310\lib\site-packages\starlette\_exception_handler.py", line 42, in wrapped_app
    await app(scope, receive, sender)
  File "C:\Users\Deepak bisht\AppData\Local\Programs\Python\Python310\lib\site-packages\fastapi\routing.py", line 106, in app
    response = await f(request)
  File "C:\Users\Deepak bisht\AppData\Local\Programs\Python\Python310\lib\site-packages\fastapi\routing.py", line 430, in app
    raw_response = await run_endpoint_function(
  File "C:\Users\Deepak bisht\AppData\Local\Programs\Python\Python310\lib\site-packages\fastapi\routing.py", line 318, in run_endpoint_function
    return await run_in_threadpool(dependant.call, **values)
  File "C:\Users\Deepak bisht\AppData\Local\Programs\Python\Python310\lib\site-packages\starlette\concurrency.py", line 32, in run_in_threadpool
    return await anyio.to_thread.run_sync(func)
  File "C:\Users\Deepak bisht\AppData\Local\Programs\Python\Python310\lib\site-packages\anyio\to_thread.py", line 61, in run_sync
    return await get_async_backend().run_sync_in_worker_thread(
  File "C:\Users\Deepak bisht\AppData\Local\Programs\Python\Python310\lib\site-packages\anyio\_backends\_asyncio.py", line 2525, in run_sync_in_worker_thread
    return await future
  File "C:\Users\Deepak bisht\AppData\Local\Programs\Python\Python310\lib\site-packages\anyio\_backends\_asyncio.py", line 986, in run
    result = context.run(func, *args)
  File "C:\Users\Deepak bisht\OneDrive - CACHE DIGITECH\Desktop\III\ITSM\backend\routers\auth.py", line 228, in get_exit_requests
    return query.all()
  File "C:\Users\Deepak bisht\AppData\Local\Programs\Python\Python310\lib\site-packages\sqlalchemy\orm\query.py", line 2704, in all
    return self._iter().all()  # type: ignore
  File "C:\Users\Deepak bisht\AppData\Local\Programs\Python\Python310\lib\site-packages\sqlalchemy\orm\query.py", line 2857, in _iter
    result: Union[ScalarResult[_T], Result[_T]] = self.session.execute(
  File "C:\Users\Deepak bisht\AppData\Local\Programs\Python\Python310\lib\site-packages\sqlalchemy\orm\session.py", line 2351, in execute
    return self._execute_internal(
  File "C:\Users\Deepak bisht\AppData\Local\Programs\Python\Python310\lib\site-packages\sqlalchemy\orm\session.py", line 2249, in _execute_internal
    result: Result[Any] = compile_state_cls.orm_execute_statement(
  File "C:\Users\Deepak bisht\AppData\Local\Programs\Python\Python310\lib\site-packages\sqlalchemy\orm\context.py", line 306, in orm_execute_statement
    result = conn.execute(
  File "C:\Users\Deepak bisht\AppData\Local\Programs\Python\Python310\lib\site-packages\sqlalchemy\engine\base.py", line 1419, in execute
    return meth(
  File "C:\Users\Deepak bisht\AppData\Local\Programs\Python\Python310\lib\site-packages\sqlalchemy\sql\elements.py", line 527, in _execute_on_connection
    return connection._execute_clauseelement(
  File "C:\Users\Deepak bisht\AppData\Local\Programs\Python\Python310\lib\site-packages\sqlalchemy\engine\base.py", line 1641, in _execute_clauseelement
    ret = self._execute_context(
  File "C:\Users\Deepak bisht\AppData\Local\Programs\Python\Python310\lib\site-packages\sqlalchemy\engine\base.py", line 1846, in _execute_context
    return self._exec_single_context(
  File "C:\Users\Deepak bisht\AppData\Local\Programs\Python\Python310\lib\site-packages\sqlalchemy\engine\base.py", line 1986, in _exec_single_context
    self._handle_dbapi_exception(
  File "C:\Users\Deepak bisht\AppData\Local\Programs\Python\Python310\lib\site-packages\sqlalchemy\engine\base.py", line 2363, in _handle_dbapi_exception
    raise sqlalchemy_exception.with_traceback(exc_info[2]) from e
  File "C:\Users\Deepak bisht\AppData\Local\Programs\Python\Python310\lib\site-packages\sqlalchemy\engine\base.py", line 1967, in _exec_single_context
    self.dialect.do_execute(
  File "C:\Users\Deepak bisht\AppData\Local\Programs\Python\Python310\lib\site-packages\sqlalchemy\engine\default.py", line 952, in do_execute
    cursor.execute(statement, parameters)
sqlalchemy.exc.ProgrammingError: (psycopg2.errors.UndefinedColumn) column exit_requests.assets_snapshot does not exist
LINE 1: ...xit_requests.status AS exit_exit_requests_status, exit.exit_...
                                                             ^

[SQL: SELECT exit.exit_requests.id AS exit_exit_requests_id, exit.exit_requests.user_id AS exit_exit_requests_user_id, exit.exit_requests.status AS exit_exit_requests_status, exit.exit_requests.assets_snapshot AS exit_exit_requests_assets_snapshot, exit.exit_requests.byod_snapshot AS exit_exit_requests_byod_snapshot, exit.exit_requests.created_at AS exit_exit_requests_created_at, exit.exit_requests.updated_at AS exit_exit_requests_updated_at 
FROM exit.exit_requests]
(Background on this error at: https://sqlalche.me/e/20/f405)

--- 2026-01-07 13:27:58.387490 ---
Traceback (most recent call last):
  File "C:\Users\Deepak bisht\AppData\Local\Programs\Python\Python310\lib\site-packages\sqlalchemy\engine\base.py", line 1967, in _exec_single_context
    self.dialect.do_execute(
  File "C:\Users\Deepak bisht\AppData\Local\Programs\Python\Python310\lib\site-packages\sqlalchemy\engine\default.py", line 952, in do_execute
    cursor.execute(statement, parameters)
psycopg2.errors.UndefinedColumn: column exit_requests.assets_snapshot does not exist
LINE 1: ...xit_requests.status AS exit_exit_requests_status, exit.exit_...
                                                             ^


The above exception was the direct cause of the following exception:

Traceback (most recent call last):
  File "C:\Users\Deepak bisht\AppData\Local\Programs\Python\Python310\lib\site-packages\starlette\middleware\errors.py", line 164, in __call__
    await self.app(scope, receive, _send)
  File "C:\Users\Deepak bisht\AppData\Local\Programs\Python\Python310\lib\site-packages\starlette\middleware\cors.py", line 93, in __call__
    await self.simple_response(scope, receive, send, request_headers=headers)
  File "C:\Users\Deepak bisht\AppData\Local\Programs\Python\Python310\lib\site-packages\starlette\middleware\cors.py", line 144, in simple_response
    await self.app(scope, receive, send)
  File "C:\Users\Deepak bisht\AppData\Local\Programs\Python\Python310\lib\site-packages\starlette\middleware\exceptions.py", line 63, in __call__
    await wrap_app_handling_exceptions(self.app, conn)(scope, receive, send)
  File "C:\Users\Deepak bisht\AppData\Local\Programs\Python\Python310\lib\site-packages\starlette\_exception_handler.py", line 53, in wrapped_app
    raise exc
  File "C:\Users\Deepak bisht\AppData\Local\Programs\Python\Python310\lib\site-packages\starlette\_exception_handler.py", line 42, in wrapped_app
    await app(scope, receive, sender)
  File "C:\Users\Deepak bisht\AppData\Local\Programs\Python\Python310\lib\site-packages\fastapi\middleware\asyncexitstack.py", line 18, in __call__
    await self.app(scope, receive, send)
  File "C:\Users\Deepak bisht\AppData\Local\Programs\Python\Python310\lib\site-packages\starlette\routing.py", line 716, in __call__
    await self.middleware_stack(scope, receive, send)
  File "C:\Users\Deepak bisht\AppData\Local\Programs\Python\Python310\lib\site-packages\starlette\routing.py", line 736, in app
    await route.handle(scope, receive, send)
  File "C:\Users\Deepak bisht\AppData\Local\Programs\Python\Python310\lib\site-packages\starlette\routing.py", line 290, in handle
    await self.app(scope, receive, send)
  File "C:\Users\Deepak bisht\AppData\Local\Programs\Python\Python310\lib\site-packages\fastapi\routing.py", line 120, in app
    await wrap_app_handling_exceptions(app, request)(scope, receive, send)
  File "C:\Users\Deepak bisht\AppData\Local\Programs\Python\Python310\lib\site-packages\starlette\_exception_handler.py", line 53, in wrapped_app
    raise exc
  File "C:\Users\Deepak bisht\AppData\Local\Programs\Python\Python310\lib\site-packages\starlette\_exception_handler.py", line 42, in wrapped_app
    await app(scope, receive, sender)
  File "C:\Users\Deepak bisht\AppData\Local\Programs\Python\Python310\lib\site-packages\fastapi\routing.py", line 106, in app
    response = await f(request)
  File "C:\Users\Deepak bisht\AppData\Local\Programs\Python\Python310\lib\site-packages\fastapi\routing.py", line 430, in app
    raw_response = await run_endpoint_function(
  File "C:\Users\Deepak bisht\AppData\Local\Programs\Python\Python310\lib\site-packages\fastapi\routing.py", line 318, in run_endpoint_function
    return await run_in_threadpool(dependant.call, **values)
  File "C:\Users\Deepak bisht\AppData\Local\Programs\Python\Python310\lib\site-packages\starlette\concurrency.py", line 32, in run_in_threadpool
    return await anyio.to_thread.run_sync(func)
  File "C:\Users\Deepak bisht\AppData\Local\Programs\Python\Python310\lib\site-packages\anyio\to_thread.py", line 61, in run_sync
    return await get_async_backend().run_sync_in_worker_thread(
  File "C:\Users\Deepak bisht\AppData\Local\Programs\Python\Python310\lib\site-packages\anyio\_backends\_asyncio.py", line 2525, in run_sync_in_worker_thread
    return await future
  File "C:\Users\Deepak bisht\AppData\Local\Programs\Python\Python310\lib\site-packages\anyio\_backends\_asyncio.py", line 986, in run
    result = context.run(func, *args)
  File "C:\Users\Deepak bisht\OneDrive - CACHE DIGITECH\Desktop\III\ITSM\backend\routers\auth.py", line 228, in get_exit_requests
    return query.all()
  File "C:\Users\Deepak bisht\AppData\Local\Programs\Python\Python310\lib\site-packages\sqlalchemy\orm\query.py", line 2704, in all
    return self._iter().all()  # type: ignore
  File "C:\Users\Deepak bisht\AppData\Local\Programs\Python\Python310\lib\site-packages\sqlalchemy\orm\query.py", line 2857, in _iter
    result: Union[ScalarResult[_T], Result[_T]] = self.session.execute(
  File "C:\Users\Deepak bisht\AppData\Local\Programs\Python\Python310\lib\site-packages\sqlalchemy\orm\session.py", line 2351, in execute
    return self._execute_internal(
  File "C:\Users\Deepak bisht\AppData\Local\Programs\Python\Python310\lib\site-packages\sqlalchemy\orm\session.py", line 2249, in _execute_internal
    result: Result[Any] = compile_state_cls.orm_execute_statement(
  File "C:\Users\Deepak bisht\AppData\Local\Programs\Python\Python310\lib\site-packages\sqlalchemy\orm\context.py", line 306, in orm_execute_statement
    result = conn.execute(
  File "C:\Users\Deepak bisht\AppData\Local\Programs\Python\Python310\lib\site-packages\sqlalchemy\engine\base.py", line 1419, in execute
    return meth(
  File "C:\Users\Deepak bisht\AppData\Local\Programs\Python\Python310\lib\site-packages\sqlalchemy\sql\elements.py", line 527, in _execute_on_connection
    return connection._execute_clauseelement(
  File "C:\Users\Deepak bisht\AppData\Local\Programs\Python\Python310\lib\site-packages\sqlalchemy\engine\base.py", line 1641, in _execute_clauseelement
    ret = self._execute_context(
  File "C:\Users\Deepak bisht\AppData\Local\Programs\Python\Python310\lib\site-packages\sqlalchemy\engine\base.py", line 1846, in _execute_context
    return self._exec_single_context(
  File "C:\Users\Deepak bisht\AppData\Local\Programs\Python\Python310\lib\site-packages\sqlalchemy\engine\base.py", line 1986, in _exec_single_context
    self._handle_dbapi_exception(
  File "C:\Users\Deepak bisht\AppData\Local\Programs\Python\Python310\lib\site-packages\sqlalchemy\engine\base.py", line 2363, in _handle_dbapi_exception
    raise sqlalchemy_exception.with_traceback(exc_info[2]) from e
  File "C:\Users\Deepak bisht\AppData\Local\Programs\Python\Python310\lib\site-packages\sqlalchemy\engine\base.py", line 1967, in _exec_single_context
    self.dialect.do_execute(
  File "C:\Users\Deepak bisht\AppData\Local\Programs\Python\Python310\lib\site-packages\sqlalchemy\engine\default.py", line 952, in do_execute
    cursor.execute(statement, parameters)
sqlalchemy.exc.ProgrammingError: (psycopg2.errors.UndefinedColumn) column exit_requests.assets_snapshot does not exist
LINE 1: ...xit_requests.status AS exit_exit_requests_status, exit.exit_...
                                                             ^

[SQL: SELECT exit.exit_requests.id AS exit_exit_requests_id, exit.exit_requests.user_id AS exit_exit_requests_user_id, exit.exit_requests.status AS exit_exit_requests_status, exit.exit_requests.assets_snapshot AS exit_exit_requests_assets_snapshot, exit.exit_requests.byod_snapshot AS exit_exit_requests_byod_snapshot, exit.exit_requests.created_at AS exit_exit_requests_created_at, exit.exit_requests.updated_at AS exit_exit_requests_updated_at 
FROM exit.exit_requests]
(Background on this error at: https://sqlalche.me/e/20/f405)

--- 2026-01-07 14:50:45.691391 ---
Traceback (most recent call last):
  File "C:\Users\Deepak bisht\AppData\Local\Programs\Python\Python310\lib\site-packages\sqlalchemy\engine\base.py", line 1967, in _exec_single_context
    self.dialect.do_execute(
  File "C:\Users\Deepak bisht\AppData\Local\Programs\Python\Python310\lib\site-packages\sqlalchemy\engine\default.py", line 952, in do_execute
    cursor.execute(statement, parameters)
psycopg2.errors.UndefinedColumn: column exit_requests.assets_snapshot does not exist
LINE 1: ...xit_requests.status AS exit_exit_requests_status, exit.exit_...
                                                             ^


The above exception was the direct cause of the following exception:

Traceback (most recent call last):
  File "C:\Users\Deepak bisht\AppData\Local\Programs\Python\Python310\lib\site-packages\starlette\middleware\errors.py", line 164, in __call__
    await self.app(scope, receive, _send)
  File "C:\Users\Deepak bisht\AppData\Local\Programs\Python\Python310\lib\site-packages\starlette\middleware\cors.py", line 93, in __call__
    await self.simple_response(scope, receive, send, request_headers=headers)
  File "C:\Users\Deepak bisht\AppData\Local\Programs\Python\Python310\lib\site-packages\starlette\middleware\cors.py", line 144, in simple_response
    await self.app(scope, receive, send)
  File "C:\Users\Deepak bisht\AppData\Local\Programs\Python\Python310\lib\site-packages\starlette\middleware\exceptions.py", line 63, in __call__
    await wrap_app_handling_exceptions(self.app, conn)(scope, receive, send)
  File "C:\Users\Deepak bisht\AppData\Local\Programs\Python\Python310\lib\site-packages\starlette\_exception_handler.py", line 53, in wrapped_app
    raise exc
  File "C:\Users\Deepak bisht\AppData\Local\Programs\Python\Python310\lib\site-packages\starlette\_exception_handler.py", line 42, in wrapped_app
    await app(scope, receive, sender)
  File "C:\Users\Deepak bisht\AppData\Local\Programs\Python\Python310\lib\site-packages\fastapi\middleware\asyncexitstack.py", line 18, in __call__
    await self.app(scope, receive, send)
  File "C:\Users\Deepak bisht\AppData\Local\Programs\Python\Python310\lib\site-packages\starlette\routing.py", line 716, in __call__
    await self.middleware_stack(scope, receive, send)
  File "C:\Users\Deepak bisht\AppData\Local\Programs\Python\Python310\lib\site-packages\starlette\routing.py", line 736, in app
    await route.handle(scope, receive, send)
  File "C:\Users\Deepak bisht\AppData\Local\Programs\Python\Python310\lib\site-packages\starlette\routing.py", line 290, in handle
    await self.app(scope, receive, send)
  File "C:\Users\Deepak bisht\AppData\Local\Programs\Python\Python310\lib\site-packages\fastapi\routing.py", line 120, in app
    await wrap_app_handling_exceptions(app, request)(scope, receive, send)
  File "C:\Users\Deepak bisht\AppData\Local\Programs\Python\Python310\lib\site-packages\starlette\_exception_handler.py", line 53, in wrapped_app
    raise exc
  File "C:\Users\Deepak bisht\AppData\Local\Programs\Python\Python310\lib\site-packages\starlette\_exception_handler.py", line 42, in wrapped_app
    await app(scope, receive, sender)
  File "C:\Users\Deepak bisht\AppData\Local\Programs\Python\Python310\lib\site-packages\fastapi\routing.py", line 106, in app
    response = await f(request)
  File "C:\Users\Deepak bisht\AppData\Local\Programs\Python\Python310\lib\site-packages\fastapi\routing.py", line 430, in app
    raw_response = await run_endpoint_function(
  File "C:\Users\Deepak bisht\AppData\Local\Programs\Python\Python310\lib\site-packages\fastapi\routing.py", line 318, in run_endpoint_function
    return await run_in_threadpool(dependant.call, **values)
  File "C:\Users\Deepak bisht\AppData\Local\Programs\Python\Python310\lib\site-packages\starlette\concurrency.py", line 32, in run_in_threadpool
    return await anyio.to_thread.run_sync(func)
  File "C:\Users\Deepak bisht\AppData\Local\Programs\Python\Python310\lib\site-packages\anyio\to_thread.py", line 61, in run_sync
    return await get_async_backend().run_sync_in_worker_thread(
  File "C:\Users\Deepak bisht\AppData\Local\Programs\Python\Python310\lib\site-packages\anyio\_backends\_asyncio.py", line 2525, in run_sync_in_worker_thread
    return await future
  File "C:\Users\Deepak bisht\AppData\Local\Programs\Python\Python310\lib\site-packages\anyio\_backends\_asyncio.py", line 986, in run
    result = context.run(func, *args)
  File "C:\Users\Deepak bisht\OneDrive - CACHE DIGITECH\Desktop\III\ITSM\backend\routers\auth.py", line 228, in get_exit_requests
    return query.all()
  File "C:\Users\Deepak bisht\AppData\Local\Programs\Python\Python310\lib\site-packages\sqlalchemy\orm\query.py", line 2704, in all
    return self._iter().all()  # type: ignore
  File "C:\Users\Deepak bisht\AppData\Local\Programs\Python\Python310\lib\site-packages\sqlalchemy\orm\query.py", line 2857, in _iter
    result: Union[ScalarResult[_T], Result[_T]] = self.session.execute(
  File "C:\Users\Deepak bisht\AppData\Local\Programs\Python\Python310\lib\site-packages\sqlalchemy\orm\session.py", line 2351, in execute
    return self._execute_internal(
  File "C:\Users\Deepak bisht\AppData\Local\Programs\Python\Python310\lib\site-packages\sqlalchemy\orm\session.py", line 2249, in _execute_internal
    result: Result[Any] = compile_state_cls.orm_execute_statement(
  File "C:\Users\Deepak bisht\AppData\Local\Programs\Python\Python310\lib\site-packages\sqlalchemy\orm\context.py", line 306, in orm_execute_statement
    result = conn.execute(
  File "C:\Users\Deepak bisht\AppData\Local\Programs\Python\Python310\lib\site-packages\sqlalchemy\engine\base.py", line 1419, in execute
    return meth(
  File "C:\Users\Deepak bisht\AppData\Local\Programs\Python\Python310\lib\site-packages\sqlalchemy\sql\elements.py", line 527, in _execute_on_connection
    return connection._execute_clauseelement(
  File "C:\Users\Deepak bisht\AppData\Local\Programs\Python\Python310\lib\site-packages\sqlalchemy\engine\base.py", line 1641, in _execute_clauseelement
    ret = self._execute_context(
  File "C:\Users\Deepak bisht\AppData\Local\Programs\Python\Python310\lib\site-packages\sqlalchemy\engine\base.py", line 1846, in _execute_context
    return self._exec_single_context(
  File "C:\Users\Deepak bisht\AppData\Local\Programs\Python\Python310\lib\site-packages\sqlalchemy\engine\base.py", line 1986, in _exec_single_context
    self._handle_dbapi_exception(
  File "C:\Users\Deepak bisht\AppData\Local\Programs\Python\Python310\lib\site-packages\sqlalchemy\engine\base.py", line 2363, in _handle_dbapi_exception
    raise sqlalchemy_exception.with_traceback(exc_info[2]) from e
  File "C:\Users\Deepak bisht\AppData\Local\Programs\Python\Python310\lib\site-packages\sqlalchemy\engine\base.py", line 1967, in _exec_single_context
    self.dialect.do_execute(
  File "C:\Users\Deepak bisht\AppData\Local\Programs\Python\Python310\lib\site-packages\sqlalchemy\engine\default.py", line 952, in do_execute
    cursor.execute(statement, parameters)
sqlalchemy.exc.ProgrammingError: (psycopg2.errors.UndefinedColumn) column exit_requests.assets_snapshot does not exist
LINE 1: ...xit_requests.status AS exit_exit_requests_status, exit.exit_...
                                                             ^

[SQL: SELECT exit.exit_requests.id AS exit_exit_requests_id, exit.exit_requests.user_id AS exit_exit_requests_user_id, exit.exit_requests.status AS exit_exit_requests_status, exit.exit_requests.assets_snapshot AS exit_exit_requests_assets_snapshot, exit.exit_requests.byod_snapshot AS exit_exit_requests_byod_snapshot, exit.exit_requests.created_at AS exit_exit_requests_created_at, exit.exit_requests.updated_at AS exit_exit_requests_updated_at 
FROM exit.exit_requests]
(Background on this error at: https://sqlalche.me/e/20/f405)

--- 2026-01-07 14:50:53.389412 ---
Traceback (most recent call last):
  File "C:\Users\Deepak bisht\AppData\Local\Programs\Python\Python310\lib\site-packages\sqlalchemy\engine\base.py", line 1967, in _exec_single_context
    self.dialect.do_execute(
  File "C:\Users\Deepak bisht\AppData\Local\Programs\Python\Python310\lib\site-packages\sqlalchemy\engine\default.py", line 952, in do_execute
    cursor.execute(statement, parameters)
psycopg2.errors.UndefinedColumn: column exit_requests.assets_snapshot does not exist
LINE 1: ...xit_requests.status AS exit_exit_requests_status, exit.exit_...
                                                             ^


The above exception was the direct cause of the following exception:

Traceback (most recent call last):
  File "C:\Users\Deepak bisht\AppData\Local\Programs\Python\Python310\lib\site-packages\starlette\middleware\errors.py", line 164, in __call__
    await self.app(scope, receive, _send)
  File "C:\Users\Deepak bisht\AppData\Local\Programs\Python\Python310\lib\site-packages\starlette\middleware\cors.py", line 93, in __call__
    await self.simple_response(scope, receive, send, request_headers=headers)
  File "C:\Users\Deepak bisht\AppData\Local\Programs\Python\Python310\lib\site-packages\starlette\middleware\cors.py", line 144, in simple_response
    await self.app(scope, receive, send)
  File "C:\Users\Deepak bisht\AppData\Local\Programs\Python\Python310\lib\site-packages\starlette\middleware\exceptions.py", line 63, in __call__
    await wrap_app_handling_exceptions(self.app, conn)(scope, receive, send)
  File "C:\Users\Deepak bisht\AppData\Local\Programs\Python\Python310\lib\site-packages\starlette\_exception_handler.py", line 53, in wrapped_app
    raise exc
  File "C:\Users\Deepak bisht\AppData\Local\Programs\Python\Python310\lib\site-packages\starlette\_exception_handler.py", line 42, in wrapped_app
    await app(scope, receive, sender)
  File "C:\Users\Deepak bisht\AppData\Local\Programs\Python\Python310\lib\site-packages\fastapi\middleware\asyncexitstack.py", line 18, in __call__
    await self.app(scope, receive, send)
  File "C:\Users\Deepak bisht\AppData\Local\Programs\Python\Python310\lib\site-packages\starlette\routing.py", line 716, in __call__
    await self.middleware_stack(scope, receive, send)
  File "C:\Users\Deepak bisht\AppData\Local\Programs\Python\Python310\lib\site-packages\starlette\routing.py", line 736, in app
    await route.handle(scope, receive, send)
  File "C:\Users\Deepak bisht\AppData\Local\Programs\Python\Python310\lib\site-packages\starlette\routing.py", line 290, in handle
    await self.app(scope, receive, send)
  File "C:\Users\Deepak bisht\AppData\Local\Programs\Python\Python310\lib\site-packages\fastapi\routing.py", line 120, in app
    await wrap_app_handling_exceptions(app, request)(scope, receive, send)
  File "C:\Users\Deepak bisht\AppData\Local\Programs\Python\Python310\lib\site-packages\starlette\_exception_handler.py", line 53, in wrapped_app
    raise exc
  File "C:\Users\Deepak bisht\AppData\Local\Programs\Python\Python310\lib\site-packages\starlette\_exception_handler.py", line 42, in wrapped_app
    await app(scope, receive, sender)
  File "C:\Users\Deepak bisht\AppData\Local\Programs\Python\Python310\lib\site-packages\fastapi\routing.py", line 106, in app
    response = await f(request)
  File "C:\Users\Deepak bisht\AppData\Local\Programs\Python\Python310\lib\site-packages\fastapi\routing.py", line 430, in app
    raw_response = await run_endpoint_function(
  File "C:\Users\Deepak bisht\AppData\Local\Programs\Python\Python310\lib\site-packages\fastapi\routing.py", line 318, in run_endpoint_function
    return await run_in_threadpool(dependant.call, **values)
  File "C:\Users\Deepak bisht\AppData\Local\Programs\Python\Python310\lib\site-packages\starlette\concurrency.py", line 32, in run_in_threadpool
    return await anyio.to_thread.run_sync(func)
  File "C:\Users\Deepak bisht\AppData\Local\Programs\Python\Python310\lib\site-packages\anyio\to_thread.py", line 61, in run_sync
    return await get_async_backend().run_sync_in_worker_thread(
  File "C:\Users\Deepak bisht\AppData\Local\Programs\Python\Python310\lib\site-packages\anyio\_backends\_asyncio.py", line 2525, in run_sync_in_worker_thread
    return await future
  File "C:\Users\Deepak bisht\AppData\Local\Programs\Python\Python310\lib\site-packages\anyio\_backends\_asyncio.py", line 986, in run
    result = context.run(func, *args)
  File "C:\Users\Deepak bisht\OneDrive - CACHE DIGITECH\Desktop\III\ITSM\backend\routers\auth.py", line 228, in get_exit_requests
    return query.all()
  File "C:\Users\Deepak bisht\AppData\Local\Programs\Python\Python310\lib\site-packages\sqlalchemy\orm\query.py", line 2704, in all
    return self._iter().all()  # type: ignore
  File "C:\Users\Deepak bisht\AppData\Local\Programs\Python\Python310\lib\site-packages\sqlalchemy\orm\query.py", line 2857, in _iter
    result: Union[ScalarResult[_T], Result[_T]] = self.session.execute(
  File "C:\Users\Deepak bisht\AppData\Local\Programs\Python\Python310\lib\site-packages\sqlalchemy\orm\session.py", line 2351, in execute
    return self._execute_internal(
  File "C:\Users\Deepak bisht\AppData\Local\Programs\Python\Python310\lib\site-packages\sqlalchemy\orm\session.py", line 2249, in _execute_internal
    result: Result[Any] = compile_state_cls.orm_execute_statement(
  File "C:\Users\Deepak bisht\AppData\Local\Programs\Python\Python310\lib\site-packages\sqlalchemy\orm\context.py", line 306, in orm_execute_statement
    result = conn.execute(
  File "C:\Users\Deepak bisht\AppData\Local\Programs\Python\Python310\lib\site-packages\sqlalchemy\engine\base.py", line 1419, in execute
    return meth(
  File "C:\Users\Deepak bisht\AppData\Local\Programs\Python\Python310\lib\site-packages\sqlalchemy\sql\elements.py", line 527, in _execute_on_connection
    return connection._execute_clauseelement(
  File "C:\Users\Deepak bisht\AppData\Local\Programs\Python\Python310\lib\site-packages\sqlalchemy\engine\base.py", line 1641, in _execute_clauseelement
    ret = self._execute_context(
  File "C:\Users\Deepak bisht\AppData\Local\Programs\Python\Python310\lib\site-packages\sqlalchemy\engine\base.py", line 1846, in _execute_context
    return self._exec_single_context(
  File "C:\Users\Deepak bisht\AppData\Local\Programs\Python\Python310\lib\site-packages\sqlalchemy\engine\base.py", line 1986, in _exec_single_context
    self._handle_dbapi_exception(
  File "C:\Users\Deepak bisht\AppData\Local\Programs\Python\Python310\lib\site-packages\sqlalchemy\engine\base.py", line 2363, in _handle_dbapi_exception
    raise sqlalchemy_exception.with_traceback(exc_info[2]) from e
  File "C:\Users\Deepak bisht\AppData\Local\Programs\Python\Python310\lib\site-packages\sqlalchemy\engine\base.py", line 1967, in _exec_single_context
    self.dialect.do_execute(
  File "C:\Users\Deepak bisht\AppData\Local\Programs\Python\Python310\lib\site-packages\sqlalchemy\engine\default.py", line 952, in do_execute
    cursor.execute(statement, parameters)
sqlalchemy.exc.ProgrammingError: (psycopg2.errors.UndefinedColumn) column exit_requests.assets_snapshot does not exist
LINE 1: ...xit_requests.status AS exit_exit_requests_status, exit.exit_...
                                                             ^

[SQL: SELECT exit.exit_requests.id AS exit_exit_requests_id, exit.exit_requests.user_id AS exit_exit_requests_user_id, exit.exit_requests.status AS exit_exit_requests_status, exit.exit_requests.assets_snapshot AS exit_exit_requests_assets_snapshot, exit.exit_requests.byod_snapshot AS exit_exit_requests_byod_snapshot, exit.exit_requests.created_at AS exit_exit_requests_created_at, exit.exit_requests.updated_at AS exit_exit_requests_updated_at 
FROM exit.exit_requests]
(Background on this error at: https://sqlalche.me/e/20/f405)

--- 2026-01-07 14:54:26.295083 ---
Traceback (most recent call last):
  File "C:\Users\Deepak bisht\AppData\Local\Programs\Python\Python310\lib\site-packages\sqlalchemy\engine\base.py", line 1967, in _exec_single_context
    self.dialect.do_execute(
  File "C:\Users\Deepak bisht\AppData\Local\Programs\Python\Python310\lib\site-packages\sqlalchemy\engine\default.py", line 952, in do_execute
    cursor.execute(statement, parameters)
psycopg2.errors.UndefinedColumn: column exit_requests.assets_snapshot does not exist
LINE 1: ...xit_requests.status AS exit_exit_requests_status, exit.exit_...
                                                             ^


The above exception was the direct cause of the following exception:

Traceback (most recent call last):
  File "C:\Users\Deepak bisht\AppData\Local\Programs\Python\Python310\lib\site-packages\starlette\middleware\errors.py", line 164, in __call__
    await self.app(scope, receive, _send)
  File "C:\Users\Deepak bisht\AppData\Local\Programs\Python\Python310\lib\site-packages\starlette\middleware\cors.py", line 85, in __call__
    await self.app(scope, receive, send)
  File "C:\Users\Deepak bisht\AppData\Local\Programs\Python\Python310\lib\site-packages\starlette\middleware\exceptions.py", line 63, in __call__
    await wrap_app_handling_exceptions(self.app, conn)(scope, receive, send)
  File "C:\Users\Deepak bisht\AppData\Local\Programs\Python\Python310\lib\site-packages\starlette\_exception_handler.py", line 53, in wrapped_app
    raise exc
  File "C:\Users\Deepak bisht\AppData\Local\Programs\Python\Python310\lib\site-packages\starlette\_exception_handler.py", line 42, in wrapped_app
    await app(scope, receive, sender)
  File "C:\Users\Deepak bisht\AppData\Local\Programs\Python\Python310\lib\site-packages\fastapi\middleware\asyncexitstack.py", line 18, in __call__
    await self.app(scope, receive, send)
  File "C:\Users\Deepak bisht\AppData\Local\Programs\Python\Python310\lib\site-packages\starlette\routing.py", line 716, in __call__
    await self.middleware_stack(scope, receive, send)
  File "C:\Users\Deepak bisht\AppData\Local\Programs\Python\Python310\lib\site-packages\starlette\routing.py", line 736, in app
    await route.handle(scope, receive, send)
  File "C:\Users\Deepak bisht\AppData\Local\Programs\Python\Python310\lib\site-packages\starlette\routing.py", line 290, in handle
    await self.app(scope, receive, send)
  File "C:\Users\Deepak bisht\AppData\Local\Programs\Python\Python310\lib\site-packages\fastapi\routing.py", line 120, in app
    await wrap_app_handling_exceptions(app, request)(scope, receive, send)
  File "C:\Users\Deepak bisht\AppData\Local\Programs\Python\Python310\lib\site-packages\starlette\_exception_handler.py", line 53, in wrapped_app
    raise exc
  File "C:\Users\Deepak bisht\AppData\Local\Programs\Python\Python310\lib\site-packages\starlette\_exception_handler.py", line 42, in wrapped_app
    await app(scope, receive, sender)
  File "C:\Users\Deepak bisht\AppData\Local\Programs\Python\Python310\lib\site-packages\fastapi\routing.py", line 106, in app
    response = await f(request)
  File "C:\Users\Deepak bisht\AppData\Local\Programs\Python\Python310\lib\site-packages\fastapi\routing.py", line 430, in app
    raw_response = await run_endpoint_function(
  File "C:\Users\Deepak bisht\AppData\Local\Programs\Python\Python310\lib\site-packages\fastapi\routing.py", line 318, in run_endpoint_function
    return await run_in_threadpool(dependant.call, **values)
  File "C:\Users\Deepak bisht\AppData\Local\Programs\Python\Python310\lib\site-packages\starlette\concurrency.py", line 32, in run_in_threadpool
    return await anyio.to_thread.run_sync(func)
  File "C:\Users\Deepak bisht\AppData\Local\Programs\Python\Python310\lib\site-packages\anyio\to_thread.py", line 61, in run_sync
    return await get_async_backend().run_sync_in_worker_thread(
  File "C:\Users\Deepak bisht\AppData\Local\Programs\Python\Python310\lib\site-packages\anyio\_backends\_asyncio.py", line 2525, in run_sync_in_worker_thread
    return await future
  File "C:\Users\Deepak bisht\AppData\Local\Programs\Python\Python310\lib\site-packages\anyio\_backends\_asyncio.py", line 986, in run
    result = context.run(func, *args)
  File "C:\Users\Deepak bisht\OneDrive - CACHE DIGITECH\Desktop\III\ITSM\backend\routers\auth.py", line 228, in get_exit_requests
    return query.all()
  File "C:\Users\Deepak bisht\AppData\Local\Programs\Python\Python310\lib\site-packages\sqlalchemy\orm\query.py", line 2704, in all
    return self._iter().all()  # type: ignore
  File "C:\Users\Deepak bisht\AppData\Local\Programs\Python\Python310\lib\site-packages\sqlalchemy\orm\query.py", line 2857, in _iter
    result: Union[ScalarResult[_T], Result[_T]] = self.session.execute(
  File "C:\Users\Deepak bisht\AppData\Local\Programs\Python\Python310\lib\site-packages\sqlalchemy\orm\session.py", line 2351, in execute
    return self._execute_internal(
  File "C:\Users\Deepak bisht\AppData\Local\Programs\Python\Python310\lib\site-packages\sqlalchemy\orm\session.py", line 2249, in _execute_internal
    result: Result[Any] = compile_state_cls.orm_execute_statement(
  File "C:\Users\Deepak bisht\AppData\Local\Programs\Python\Python310\lib\site-packages\sqlalchemy\orm\context.py", line 306, in orm_execute_statement
    result = conn.execute(
  File "C:\Users\Deepak bisht\AppData\Local\Programs\Python\Python310\lib\site-packages\sqlalchemy\engine\base.py", line 1419, in execute
    return meth(
  File "C:\Users\Deepak bisht\AppData\Local\Programs\Python\Python310\lib\site-packages\sqlalchemy\sql\elements.py", line 527, in _execute_on_connection
    return connection._execute_clauseelement(
  File "C:\Users\Deepak bisht\AppData\Local\Programs\Python\Python310\lib\site-packages\sqlalchemy\engine\base.py", line 1641, in _execute_clauseelement
    ret = self._execute_context(
  File "C:\Users\Deepak bisht\AppData\Local\Programs\Python\Python310\lib\site-packages\sqlalchemy\engine\base.py", line 1846, in _execute_context
    return self._exec_single_context(
  File "C:\Users\Deepak bisht\AppData\Local\Programs\Python\Python310\lib\site-packages\sqlalchemy\engine\base.py", line 1986, in _exec_single_context
    self._handle_dbapi_exception(
  File "C:\Users\Deepak bisht\AppData\Local\Programs\Python\Python310\lib\site-packages\sqlalchemy\engine\base.py", line 2363, in _handle_dbapi_exception
    raise sqlalchemy_exception.with_traceback(exc_info[2]) from e
  File "C:\Users\Deepak bisht\AppData\Local\Programs\Python\Python310\lib\site-packages\sqlalchemy\engine\base.py", line 1967, in _exec_single_context
    self.dialect.do_execute(
  File "C:\Users\Deepak bisht\AppData\Local\Programs\Python\Python310\lib\site-packages\sqlalchemy\engine\default.py", line 952, in do_execute
    cursor.execute(statement, parameters)
sqlalchemy.exc.ProgrammingError: (psycopg2.errors.UndefinedColumn) column exit_requests.assets_snapshot does not exist
LINE 1: ...xit_requests.status AS exit_exit_requests_status, exit.exit_...
                                                             ^

[SQL: SELECT exit.exit_requests.id AS exit_exit_requests_id, exit.exit_requests.user_id AS exit_exit_requests_user_id, exit.exit_requests.status AS exit_exit_requests_status, exit.exit_requests.assets_snapshot AS exit_exit_requests_assets_snapshot, exit.exit_requests.byod_snapshot AS exit_exit_requests_byod_snapshot, exit.exit_requests.created_at AS exit_exit_requests_created_at, exit.exit_requests.updated_at AS exit_exit_requests_updated_at 
FROM exit.exit_requests]
(Background on this error at: https://sqlalche.me/e/20/f405)

--- 2026-01-07 14:55:18.784763 ---
Traceback (most recent call last):
  File "C:\Users\Deepak bisht\AppData\Local\Programs\Python\Python310\lib\site-packages\sqlalchemy\engine\base.py", line 1967, in _exec_single_context
    self.dialect.do_execute(
  File "C:\Users\Deepak bisht\AppData\Local\Programs\Python\Python310\lib\site-packages\sqlalchemy\engine\default.py", line 952, in do_execute
    cursor.execute(statement, parameters)
psycopg2.errors.UndefinedColumn: column exit_requests.assets_snapshot does not exist
LINE 1: ...xit_requests.status AS exit_exit_requests_status, exit.exit_...
                                                             ^


The above exception was the direct cause of the following exception:

Traceback (most recent call last):
  File "C:\Users\Deepak bisht\AppData\Local\Programs\Python\Python310\lib\site-packages\starlette\middleware\errors.py", line 164, in __call__
    await self.app(scope, receive, _send)
  File "C:\Users\Deepak bisht\AppData\Local\Programs\Python\Python310\lib\site-packages\starlette\middleware\cors.py", line 93, in __call__
    await self.simple_response(scope, receive, send, request_headers=headers)
  File "C:\Users\Deepak bisht\AppData\Local\Programs\Python\Python310\lib\site-packages\starlette\middleware\cors.py", line 144, in simple_response
    await self.app(scope, receive, send)
  File "C:\Users\Deepak bisht\AppData\Local\Programs\Python\Python310\lib\site-packages\starlette\middleware\exceptions.py", line 63, in __call__
    await wrap_app_handling_exceptions(self.app, conn)(scope, receive, send)
  File "C:\Users\Deepak bisht\AppData\Local\Programs\Python\Python310\lib\site-packages\starlette\_exception_handler.py", line 53, in wrapped_app
    raise exc
  File "C:\Users\Deepak bisht\AppData\Local\Programs\Python\Python310\lib\site-packages\starlette\_exception_handler.py", line 42, in wrapped_app
    await app(scope, receive, sender)
  File "C:\Users\Deepak bisht\AppData\Local\Programs\Python\Python310\lib\site-packages\fastapi\middleware\asyncexitstack.py", line 18, in __call__
    await self.app(scope, receive, send)
  File "C:\Users\Deepak bisht\AppData\Local\Programs\Python\Python310\lib\site-packages\starlette\routing.py", line 716, in __call__
    await self.middleware_stack(scope, receive, send)
  File "C:\Users\Deepak bisht\AppData\Local\Programs\Python\Python310\lib\site-packages\starlette\routing.py", line 736, in app
    await route.handle(scope, receive, send)
  File "C:\Users\Deepak bisht\AppData\Local\Programs\Python\Python310\lib\site-packages\starlette\routing.py", line 290, in handle
    await self.app(scope, receive, send)
  File "C:\Users\Deepak bisht\AppData\Local\Programs\Python\Python310\lib\site-packages\fastapi\routing.py", line 120, in app
    await wrap_app_handling_exceptions(app, request)(scope, receive, send)
  File "C:\Users\Deepak bisht\AppData\Local\Programs\Python\Python310\lib\site-packages\starlette\_exception_handler.py", line 53, in wrapped_app
    raise exc
  File "C:\Users\Deepak bisht\AppData\Local\Programs\Python\Python310\lib\site-packages\starlette\_exception_handler.py", line 42, in wrapped_app
    await app(scope, receive, sender)
  File "C:\Users\Deepak bisht\AppData\Local\Programs\Python\Python310\lib\site-packages\fastapi\routing.py", line 106, in app
    response = await f(request)
  File "C:\Users\Deepak bisht\AppData\Local\Programs\Python\Python310\lib\site-packages\fastapi\routing.py", line 430, in app
    raw_response = await run_endpoint_function(
  File "C:\Users\Deepak bisht\AppData\Local\Programs\Python\Python310\lib\site-packages\fastapi\routing.py", line 318, in run_endpoint_function
    return await run_in_threadpool(dependant.call, **values)
  File "C:\Users\Deepak bisht\AppData\Local\Programs\Python\Python310\lib\site-packages\starlette\concurrency.py", line 32, in run_in_threadpool
    return await anyio.to_thread.run_sync(func)
  File "C:\Users\Deepak bisht\AppData\Local\Programs\Python\Python310\lib\site-packages\anyio\to_thread.py", line 61, in run_sync
    return await get_async_backend().run_sync_in_worker_thread(
  File "C:\Users\Deepak bisht\AppData\Local\Programs\Python\Python310\lib\site-packages\anyio\_backends\_asyncio.py", line 2525, in run_sync_in_worker_thread
    return await future
  File "C:\Users\Deepak bisht\AppData\Local\Programs\Python\Python310\lib\site-packages\anyio\_backends\_asyncio.py", line 986, in run
    result = context.run(func, *args)
  File "C:\Users\Deepak bisht\OneDrive - CACHE DIGITECH\Desktop\III\ITSM\backend\routers\auth.py", line 228, in get_exit_requests
    return query.all()
  File "C:\Users\Deepak bisht\AppData\Local\Programs\Python\Python310\lib\site-packages\sqlalchemy\orm\query.py", line 2704, in all
    return self._iter().all()  # type: ignore
  File "C:\Users\Deepak bisht\AppData\Local\Programs\Python\Python310\lib\site-packages\sqlalchemy\orm\query.py", line 2857, in _iter
    result: Union[ScalarResult[_T], Result[_T]] = self.session.execute(
  File "C:\Users\Deepak bisht\AppData\Local\Programs\Python\Python310\lib\site-packages\sqlalchemy\orm\session.py", line 2351, in execute
    return self._execute_internal(
  File "C:\Users\Deepak bisht\AppData\Local\Programs\Python\Python310\lib\site-packages\sqlalchemy\orm\session.py", line 2249, in _execute_internal
    result: Result[Any] = compile_state_cls.orm_execute_statement(
  File "C:\Users\Deepak bisht\AppData\Local\Programs\Python\Python310\lib\site-packages\sqlalchemy\orm\context.py", line 306, in orm_execute_statement
    result = conn.execute(
  File "C:\Users\Deepak bisht\AppData\Local\Programs\Python\Python310\lib\site-packages\sqlalchemy\engine\base.py", line 1419, in execute
    return meth(
  File "C:\Users\Deepak bisht\AppData\Local\Programs\Python\Python310\lib\site-packages\sqlalchemy\sql\elements.py", line 527, in _execute_on_connection
    return connection._execute_clauseelement(
  File "C:\Users\Deepak bisht\AppData\Local\Programs\Python\Python310\lib\site-packages\sqlalchemy\engine\base.py", line 1641, in _execute_clauseelement
    ret = self._execute_context(
  File "C:\Users\Deepak bisht\AppData\Local\Programs\Python\Python310\lib\site-packages\sqlalchemy\engine\base.py", line 1846, in _execute_context
    return self._exec_single_context(
  File "C:\Users\Deepak bisht\AppData\Local\Programs\Python\Python310\lib\site-packages\sqlalchemy\engine\base.py", line 1986, in _exec_single_context
    self._handle_dbapi_exception(
  File "C:\Users\Deepak bisht\AppData\Local\Programs\Python\Python310\lib\site-packages\sqlalchemy\engine\base.py", line 2363, in _handle_dbapi_exception
    raise sqlalchemy_exception.with_traceback(exc_info[2]) from e
  File "C:\Users\Deepak bisht\AppData\Local\Programs\Python\Python310\lib\site-packages\sqlalchemy\engine\base.py", line 1967, in _exec_single_context
    self.dialect.do_execute(
  File "C:\Users\Deepak bisht\AppData\Local\Programs\Python\Python310\lib\site-packages\sqlalchemy\engine\default.py", line 952, in do_execute
    cursor.execute(statement, parameters)
sqlalchemy.exc.ProgrammingError: (psycopg2.errors.UndefinedColumn) column exit_requests.assets_snapshot does not exist
LINE 1: ...xit_requests.status AS exit_exit_requests_status, exit.exit_...
                                                             ^

[SQL: SELECT exit.exit_requests.id AS exit_exit_requests_id, exit.exit_requests.user_id AS exit_exit_requests_user_id, exit.exit_requests.status AS exit_exit_requests_status, exit.exit_requests.assets_snapshot AS exit_exit_requests_assets_snapshot, exit.exit_requests.byod_snapshot AS exit_exit_requests_byod_snapshot, exit.exit_requests.created_at AS exit_exit_requests_created_at, exit.exit_requests.updated_at AS exit_exit_requests_updated_at 
FROM exit.exit_requests]
(Background on this error at: https://sqlalche.me/e/20/f405)
