Traceback (most recent call last):
  File "C:\Users\Deepak bisht\AppData\Local\Programs\Python\Python310\lib\site-packages\sqlalchemy\engine\base.py", line 1967, in _exec_single_context
    self.dialect.do_execute(
  File "C:\Users\Deepak bisht\AppData\Local\Programs\Python\Python310\lib\site-packages\sqlalchemy\engine\default.py", line 952, in do_execute
    cursor.execute(statement, parameters)
psycopg2.errors.UndefinedFunction: operator does not exist: character varying = uuid
LINE 2: ... JOIN auth.users ON helpdesk.tickets.requestor_id = auth.use...
                                                             ^
HINT:  No operator matches the given name and argument types. You might need to add explicit type casts.


The above exception was the direct cause of the following exception:

Traceback (most recent call last):
  File "C:\Users\Deepak bisht\AppData\Local\Programs\Python\Python310\lib\site-packages\starlette\middleware\errors.py", line 164, in __call__
    await self.app(scope, receive, _send)
  File "C:\Users\Deepak bisht\AppData\Local\Programs\Python\Python310\lib\site-packages\starlette\middleware\cors.py", line 93, in __call__
    await self.simple_response(scope, receive, send, request_headers=headers)
  File "C:\Users\Deepak bisht\AppData\Local\Programs\Python\Python310\lib\site-packages\starlette\middleware\cors.py", line 144, in simple_response
    await self.app(scope, receive, send)
  File "C:\Users\Deepak bisht\AppData\Local\Programs\Python\Python310\lib\site-packages\starlette\middleware\exceptions.py", line 63, in __call__
    await wrap_app_handling_exceptions(self.app, conn)(scope, receive, send)
  File "C:\Users\Deepak bisht\AppData\Local\Programs\Python\Python310\lib\site-packages\starlette\_exception_handler.py", line 53, in wrapped_app
    raise exc
  File "C:\Users\Deepak bisht\AppData\Local\Programs\Python\Python310\lib\site-packages\starlette\_exception_handler.py", line 42, in wrapped_app
    await app(scope, receive, sender)
  File "C:\Users\Deepak bisht\AppData\Local\Programs\Python\Python310\lib\site-packages\fastapi\middleware\asyncexitstack.py", line 18, in __call__
    await self.app(scope, receive, send)
  File "C:\Users\Deepak bisht\AppData\Local\Programs\Python\Python310\lib\site-packages\starlette\routing.py", line 716, in __call__
    await self.middleware_stack(scope, receive, send)
  File "C:\Users\Deepak bisht\AppData\Local\Programs\Python\Python310\lib\site-packages\starlette\routing.py", line 736, in app
    await route.handle(scope, receive, send)
  File "C:\Users\Deepak bisht\AppData\Local\Programs\Python\Python310\lib\site-packages\starlette\routing.py", line 290, in handle
    await self.app(scope, receive, send)
  File "C:\Users\Deepak bisht\AppData\Local\Programs\Python\Python310\lib\site-packages\fastapi\routing.py", line 120, in app
    await wrap_app_handling_exceptions(app, request)(scope, receive, send)
  File "C:\Users\Deepak bisht\AppData\Local\Programs\Python\Python310\lib\site-packages\starlette\_exception_handler.py", line 53, in wrapped_app
    raise exc
  File "C:\Users\Deepak bisht\AppData\Local\Programs\Python\Python310\lib\site-packages\starlette\_exception_handler.py", line 42, in wrapped_app
    await app(scope, receive, sender)
  File "C:\Users\Deepak bisht\AppData\Local\Programs\Python\Python310\lib\site-packages\fastapi\routing.py", line 106, in app
    response = await f(request)
  File "C:\Users\Deepak bisht\AppData\Local\Programs\Python\Python310\lib\site-packages\fastapi\routing.py", line 430, in app
    raw_response = await run_endpoint_function(
  File "C:\Users\Deepak bisht\AppData\Local\Programs\Python\Python310\lib\site-packages\fastapi\routing.py", line 318, in run_endpoint_function
    return await run_in_threadpool(dependant.call, **values)
  File "C:\Users\Deepak bisht\AppData\Local\Programs\Python\Python310\lib\site-packages\starlette\concurrency.py", line 32, in run_in_threadpool
    return await anyio.to_thread.run_sync(func)
  File "C:\Users\Deepak bisht\AppData\Local\Programs\Python\Python310\lib\site-packages\anyio\to_thread.py", line 61, in run_sync
    return await get_async_backend().run_sync_in_worker_thread(
  File "C:\Users\Deepak bisht\AppData\Local\Programs\Python\Python310\lib\site-packages\anyio\_backends\_asyncio.py", line 2525, in run_sync_in_worker_thread
    return await future
  File "C:\Users\Deepak bisht\AppData\Local\Programs\Python\Python310\lib\site-packages\anyio\_backends\_asyncio.py", line 986, in run
    result = context.run(func, *args)
  File "C:\Users\Deepak bisht\OneDrive - CACHE DIGITECH\Desktop\III\ITSM\backend\routers\tickets.py", line 54, in read_tickets
    tickets = ticket_service.get_tickets(db, skip=skip, limit=limit)
  File "C:\Users\Deepak bisht\OneDrive - CACHE DIGITECH\Desktop\III\ITSM\backend\services\ticket_service.py", line 9, in get_tickets
    .offset(skip).limit(limit).all()
  File "C:\Users\Deepak bisht\AppData\Local\Programs\Python\Python310\lib\site-packages\sqlalchemy\orm\query.py", line 2704, in all
    return self._iter().all()  # type: ignore
  File "C:\Users\Deepak bisht\AppData\Local\Programs\Python\Python310\lib\site-packages\sqlalchemy\orm\query.py", line 2857, in _iter
    result: Union[ScalarResult[_T], Result[_T]] = self.session.execute(
  File "C:\Users\Deepak bisht\AppData\Local\Programs\Python\Python310\lib\site-packages\sqlalchemy\orm\session.py", line 2351, in execute
    return self._execute_internal(
  File "C:\Users\Deepak bisht\AppData\Local\Programs\Python\Python310\lib\site-packages\sqlalchemy\orm\session.py", line 2249, in _execute_internal
    result: Result[Any] = compile_state_cls.orm_execute_statement(
  File "C:\Users\Deepak bisht\AppData\Local\Programs\Python\Python310\lib\site-packages\sqlalchemy\orm\context.py", line 306, in orm_execute_statement
    result = conn.execute(
  File "C:\Users\Deepak bisht\AppData\Local\Programs\Python\Python310\lib\site-packages\sqlalchemy\engine\base.py", line 1419, in execute
    return meth(
  File "C:\Users\Deepak bisht\AppData\Local\Programs\Python\Python310\lib\site-packages\sqlalchemy\sql\elements.py", line 527, in _execute_on_connection
    return connection._execute_clauseelement(
  File "C:\Users\Deepak bisht\AppData\Local\Programs\Python\Python310\lib\site-packages\sqlalchemy\engine\base.py", line 1641, in _execute_clauseelement
    ret = self._execute_context(
  File "C:\Users\Deepak bisht\AppData\Local\Programs\Python\Python310\lib\site-packages\sqlalchemy\engine\base.py", line 1846, in _execute_context
    return self._exec_single_context(
  File "C:\Users\Deepak bisht\AppData\Local\Programs\Python\Python310\lib\site-packages\sqlalchemy\engine\base.py", line 1986, in _exec_single_context
    self._handle_dbapi_exception(
  File "C:\Users\Deepak bisht\AppData\Local\Programs\Python\Python310\lib\site-packages\sqlalchemy\engine\base.py", line 2363, in _handle_dbapi_exception
    raise sqlalchemy_exception.with_traceback(exc_info[2]) from e
  File "C:\Users\Deepak bisht\AppData\Local\Programs\Python\Python310\lib\site-packages\sqlalchemy\engine\base.py", line 1967, in _exec_single_context
    self.dialect.do_execute(
  File "C:\Users\Deepak bisht\AppData\Local\Programs\Python\Python310\lib\site-packages\sqlalchemy\engine\default.py", line 952, in do_execute
    cursor.execute(statement, parameters)
sqlalchemy.exc.ProgrammingError: (psycopg2.errors.UndefinedFunction) operator does not exist: character varying = uuid
LINE 2: ... JOIN auth.users ON helpdesk.tickets.requestor_id = auth.use...
                                                             ^
HINT:  No operator matches the given name and argument types. You might need to add explicit type casts.

[SQL: SELECT helpdesk.tickets.id AS helpdesk_tickets_id, helpdesk.tickets.subject AS helpdesk_tickets_subject, helpdesk.tickets.description AS helpdesk_tickets_description, helpdesk.tickets.status AS helpdesk_tickets_status, helpdesk.tickets.priority AS helpdesk_tickets_priority, helpdesk.tickets.category AS helpdesk_tickets_category, helpdesk.tickets.requestor_id AS helpdesk_tickets_requestor_id, helpdesk.tickets.assigned_to_id AS helpdesk_tickets_assigned_to_id, helpdesk.tickets.related_asset_id AS helpdesk_tickets_related_asset_id, helpdesk.tickets.created_at AS helpdesk_tickets_created_at, helpdesk.tickets.updated_at AS helpdesk_tickets_updated_at, auth.users.full_name AS auth_users_full_name 
FROM helpdesk.tickets LEFT OUTER JOIN auth.users ON helpdesk.tickets.requestor_id = auth.users.id 
 LIMIT %(param_1)s OFFSET %(param_2)s]
[parameters: {'param_1': 100, 'param_2': 0}]
(Background on this error at: https://sqlalche.me/e/20/f405)
